#
# A fatal error has been detected by the Java Runtime Environment:
#
#  EXCEPTION_ACCESS_VIOLATION (0xc0000005) at pc=0x00007ffdbb4162c3, pid=4000, tid=6844
#
# JRE version: OpenJDK Runtime Environment (11.0.15) (build 11.0.15+0-b2043.56-9505619)
# Java VM: OpenJDK 64-Bit Server VM (11.0.15+0-b2043.56-9505619, mixed mode, tiered, compressed oops, g1 gc, windows-amd64)
# Problematic frame:
# V  [jvm.dll+0x1b62c3]
#
# No core dump will be written. Minidumps are not enabled by default on client versions of Windows
#
# If you would like to submit a bug report, please visit:
#   https://bugreport.java.com/bugreport/crash.jsp
#

---------------  S U M M A R Y ------------

Command Line: --add-opens=java.base/java.util=ALL-UNNAMED --add-opens=java.base/java.lang=ALL-UNNAMED --add-opens=java.base/java.lang.invoke=ALL-UNNAMED --add-opens=java.base/java.util=ALL-UNNAMED --add-opens=java.prefs/java.util.prefs=ALL-UNNAMED --add-opens=java.prefs/java.util.prefs=ALL-UNNAMED --add-opens=java.base/java.nio.charset=ALL-UNNAMED --add-opens=java.base/java.net=ALL-UNNAMED --add-opens=java.base/java.util.concurrent.atomic=ALL-UNNAMED -Xmx2048m -Dfile.encoding=UTF-8 -Duser.country=US -Duser.language=en -Duser.variant org.gradle.launcher.daemon.bootstrap.GradleDaemon 7.5

Host: AMD Ryzen 7 3750H with Radeon Vega Mobile Gfx  , 8 cores, 13G,  Windows 10 , 64 bit Build 19041 (10.0.19041.1202)
Time: Thu Apr  6 23:30:30 2023 SE Asia Standard Time elapsed time: 2662.543745 seconds (0d 0h 44m 22s)

---------------  T H R E A D  ---------------

Current thread (0x000001fdeb6ec800):  JavaThread "C2 CompilerThread1" daemon [_thread_in_native, id=6844, stack(0x00000043bc600000,0x00000043bc700000)]


Current CompileTask:
C2:2662543 24608       4       org.gradle.internal.fingerprint.impl.DefaultFileCollectionSnapshotter$SnapshottingVisitor::visitCollection (71 bytes)

Stack: [0x00000043bc600000,0x00000043bc700000],  sp=0x00000043bc6fba80,  free space=1006k
Native frames: (J=compiled Java code, j=interpreted, Vv=VM code, C=native code)
V  [jvm.dll+0x1b62c3]
V  [jvm.dll+0x3424b6]
V  [jvm.dll+0x34186a]
V  [jvm.dll+0x2214bd]
V  [jvm.dll+0x220498]
V  [jvm.dll+0x19e851]
V  [jvm.dll+0x230479]
V  [jvm.dll+0x22e5ef]
V  [jvm.dll+0x794de1]
V  [jvm.dll+0x78dc24]
V  [jvm.dll+0x6400f6]
C  [ucrtbase.dll+0x21bb2]
C  [KERNEL32.DLL+0x17034]
C  [ntdll.dll+0x52651]


siginfo: EXCEPTION_ACCESS_VIOLATION (0xc0000005), reading address 0x000001fd9317f200


Register to memory mapping:

RIP=0x00007ffdbb4162c3 jvm.dll
RAX=0x000001fdcc447b20 points into unknown readable memory: 0x0000000000000000 | 00 00 00 00 00 00 00 00
RBX=0x0 is NULL
RCX=0x000001fded2db220 points into unknown readable memory: 0x000001fdebe06368 | 68 63 e0 eb fd 01 00 00
RDX=0xfffffffff1b4ddb8 is an unknown value
RSP=0x00000043bc6fba80 is pointing into the stack for thread: 0x000001fdeb6ec800
RBP=0xffffffffffffffff is an unknown value
RSI=0x000001fde9bf6340 points into unknown readable memory: 0x00007ffdbbb00628 | 28 06 b0 bb fd 7f 00 00
RDI=0x000001fdeca23640 points into unknown readable memory: 0x00007ffdbbb049d8 | d8 49 b0 bb fd 7f 00 00
R8 =
[error occurred during error reporting (printing register info), id 0xc0000005, EXCEPTION_ACCESS_VIOLATION (0xc0000005) at pc=0x00007ffdbb55fe96]

Registers:
RAX=0x000001fdcc447b20, RBX=0x0000000000000000, RCX=0x000001fded2db220, RDX=0xfffffffff1b4ddb8
RSP=0x00000043bc6fba80, RBP=0xffffffffffffffff, RSI=0x000001fde9bf6340, RDI=0x000001fdeca23640
R8 =0x00000000ffffffff, R9 =0x0000000000000000, R10=0x0000000000000000, R11=0x0000000000000001
R12=0x0000000000000003, R13=0x0000000000000018, R14=0x00000043bc6fbc10, R15=0x0000000000000010
RIP=0x00007ffdbb4162c3, EFLAGS=0x0000000000010283

Top of Stack: (sp=0x00000043bc6fba80)
0x00000043bc6fba80:   000001fdf381b740 0000004300000001
0x00000043bc6fba90:   0000000000000000 00007ffdbbcd7580
0x00000043bc6fbaa0:   0000005100000005 00007ffd00004001
0x00000043bc6fbab0:   000001fdeca23640 00000043bc6fbb90
0x00000043bc6fbac0:   0000000000000000 0000000000000000
0x00000043bc6fbad0:   00000000000260c0 000001fdf11e13d0
0x00000043bc6fbae0:   000001fdf11e13e0 00000000000003d8
0x00000043bc6fbaf0:   000001fdf11e17b8 00000043bc6fbc20
0x00000043bc6fbb00:   0000000000000000 00000043bc6fc020
0x00000043bc6fbb10:   00000000000003cf 00007ffdbb5a24b6
0x00000043bc6fbb20:   00000043bc6fbc10 00000043bc6fbc00
0x00000043bc6fbb30:   000001fdf11e1700 00000043ffffffff
0x00000043bc6fbb40:   000000001fffff01 0000000000000000
0x00000043bc6fbb50:   0000000000000000 0000000000000000
0x00000043bc6fbb60:   00000043bc6fe840 0000000000001abc
0x00000043bc6fbb70:   000001fdf3b23040 000001fdf3b24070 

Instructions: (pc=0x00007ffdbb4162c3)
0x00007ffdbb4161c3:   00 00 02 00 01 00 eb 5c c7 83 94 00 00 00 04 00
0x00007ffdbb4161d3:   01 00 eb 50 c7 83 94 00 00 00 08 00 01 00 eb 44
0x00007ffdbb4161e3:   c7 83 94 00 00 00 10 00 01 00 eb 38 49 8b ce e8
0x00007ffdbb4161f3:   19 45 4e 00 81 8b 98 00 00 00 20 01 00 00 66 89
0x00007ffdbb416203:   83 94 00 00 00 66 89 83 96 00 00 00 eb 16 ba b6
0x00007ffdbb416213:   03 00 00 48 8d 0d d3 31 70 00 e8 fe 2d 0b 00 e8
0x00007ffdbb416223:   69 2e 48 00 4c 8b b4 24 a0 00 00 00 41 bf 10 00
0x00007ffdbb416233:   00 00 44 0f b6 8c 24 a8 00 00 00 41 b8 ff ff ff
0x00007ffdbb416243:   ff 8b 5e 18 89 5c 24 28 44 89 84 24 b8 00 00 00
0x00007ffdbb416253:   45 84 c9 74 38 48 8b 06 48 8b ce ff 90 b0 00 00
0x00007ffdbb416263:   00 89 84 24 b8 00 00 00 44 8b c0 83 f8 ff 74 14
0x00007ffdbb416273:   8b d0 48 8b ce e8 a3 b9 3a 00 44 8b c0 89 84 24
0x00007ffdbb416283:   b8 00 00 00 44 0f b6 8c 24 a8 00 00 00 44 3b e3
0x00007ffdbb416293:   0f 83 a5 02 00 00 41 8b c4 4c 8d 2c c5 00 00 00
0x00007ffdbb4162a3:   00 0f 1f 40 00 0f 1f 84 00 00 00 00 00 48 8b 46
0x00007ffdbb4162b3:   08 4a 8b 0c 28 49 8b 86 28 01 00 00 48 63 51 28
0x00007ffdbb4162c3:   8b 1c 90 85 db 0f 84 43 02 00 00 45 84 c9 74 11
0x00007ffdbb4162d3:   45 3b c4 75 0c 48 8b 06 48 8b ce ff 90 d8 00 00
0x00007ffdbb4162e3:   00 80 bc 24 b0 00 00 00 00 74 14 41 80 be 30 01
0x00007ffdbb4162f3:   00 00 00 74 0a 44 3b 66 38 0f 83 0f 02 00 00 49
0x00007ffdbb416303:   8b 46 70 48 8d 1c 9b 48 c1 e3 05 41 8b d4 48 8b
0x00007ffdbb416313:   ce 48 03 58 20 48 8b 06 ff 90 80 00 00 00 80 bc
0x00007ffdbb416323:   24 a8 00 00 00 00 48 8b e8 75 30 4c 8b 4e 08 f2
0x00007ffdbb416333:   0f 10 4f 08 f2 0f 59 ce 4b 8b 0c 29 44 8b 41 28
0x00007ffdbb416343:   49 8b 4e 48 48 8b 51 78 4a 8b 0c c2 f2 0f 10 41
0x00007ffdbb416353:   08 66 0f 2f c1 0f 87 96 00 00 00 48 8d 53 38 45
0x00007ffdbb416363:   33 c9 48 83 c0 54 48 8d 8b 8c 00 00 00 48 3b d0
0x00007ffdbb416373:   77 05 48 3b cd 73 4d f3 0f 6f 0a 4d 8b cf f3 0f
0x00007ffdbb416383:   6f 45 00 66 0f db c8 f3 0f 7f 0a f3 0f 6f 42 10
0x00007ffdbb416393:   f3 0f 6f 4d 10 66 0f db c8 f3 0f 7f 4a 10 f3 0f
0x00007ffdbb4163a3:   6f 42 20 f3 0f 6f 4d 20 66 0f db c8 f3 0f 7f 4a
0x00007ffdbb4163b3:   20 f3 0f 6f 42 30 f3 0f 6f 4d 30 66 0f db c8 f3 


Stack slot to memory mapping:
stack at sp + 0 slots: 0x000001fdf381b740 points into unknown readable memory: 0x0000000000000000 | 00 00 00 00 00 00 00 00
stack at sp + 1 slots: 0x0000004300000001 is an unknown value
stack at sp + 2 slots: 0x0 is NULL
stack at sp + 3 slots: 0x00007ffdbbcd7580 jvm.dll
stack at sp + 4 slots: 0x0000005100000005 is an unknown value
stack at sp + 5 slots: 0x00007ffd00004001 is an unknown value
stack at sp + 6 slots: 0x000001fdeca23640 points into unknown readable memory: 0x00007ffdbbb049d8 | d8 49 b0 bb fd 7f 00 00
stack at sp + 7 slots: 0x00000043bc6fbb90 is pointing into the stack for thread: 0x000001fdeb6ec800


---------------  P R O C E S S  ---------------

Threads class SMR info:
_java_thread_list=0x000001fde9648e00, length=148, elements={
0x000001fdcc443800, 0x000001fde7179000, 0x000001fde7182800, 0x000001fde71d1000,
0x000001fde71d3000, 0x000001fde71d4000, 0x000001fde71df000, 0x000001fde71e5800,
0x000001fde71e9000, 0x000001fde7351800, 0x000001fde85b0800, 0x000001fde76d3000,
0x000001fde84f4000, 0x000001fde91b9800, 0x000001fde91ba000, 0x000001fde91b8800,
0x000001fde91b7800, 0x000001fdeba32800, 0x000001fdeba33800, 0x000001fdeba37800,
0x000001fdeba32000, 0x000001fdeba3a800, 0x000001fdeba3a000, 0x000001fdeba3e000,
0x000001fdeba3f800, 0x000001fdee558000, 0x000001fdee552800, 0x000001fdee553000,
0x000001fdee55a800, 0x000001fdee559800, 0x000001fded1ba000, 0x000001fdecfdc000,
0x000001fdecb91800, 0x000001fdecb99800, 0x000001fdf1569000, 0x000001fdf36c0800,
0x000001fdf36bc000, 0x000001fdf36b9800, 0x000001fdee55e800, 0x000001fdee794800,
0x000001fdee78f800, 0x000001fdee793800, 0x000001fdee790800, 0x000001fdee792000,
0x000001fdee78e800, 0x000001fdee796000, 0x000001fdee797000, 0x000001fdee791000,
0x000001fdee793000, 0x000001fdee795000, 0x000001fdee79a000, 0x000001fdee797800,
0x000001fdee79b000, 0x000001fdee79c000, 0x000001fdee79d800, 0x000001fdee79c800,
0x000001fdee79e000, 0x000001fdee798800, 0x000001fdee799800, 0x000001fdee7a3000,
0x000001fdee7a0000, 0x000001fdee7a4800, 0x000001fdee7a0800, 0x000001fdee7a1800,
0x000001fdee7a4000, 0x000001fdee7a2800, 0x000001fdee79f000, 0x000001fdee7a9000,
0x000001fdee7a7000, 0x000001fdee7a9800, 0x000001fdee7aa800, 0x000001fdee7a6800,
0x000001fdee7a8000, 0x000001fdee7ab800, 0x000001fdee7a5800, 0x000001fdee7ac000,
0x000001fdee7ad000, 0x000001fdee7ad800, 0x000001fdecfde800, 0x000001fdecfd9000,
0x000001fdecfdf800, 0x000001fdecfde000, 0x000001fdecfd9800, 0x000001fdecfdd000,
0x000001fdecfe0000, 0x000001fdecfda800, 0x000001fdecfe1000, 0x000001fdecfdb800,
0x000001fdecfe6000, 0x000001fdecfe6800, 0x000001fdecfe7800, 0x000001fdecfe2800,
0x000001fdecfe2000, 0x000001fdecfe3800, 0x000001fdecfe4800, 0x000001fdecfe5000,
0x000001fdef19b800, 0x000001fdef19a800, 0x000001fdef19c000, 0x000001fdef19f800,
0x000001fdef19d000, 0x000001fdef19e000, 0x000001fdef199800, 0x000001fdef1a0000,
0x000001fdef1a4800, 0x000001fdef19e800, 0x000001fdef1a2800, 0x000001fdef1a5000,
0x000001fdef1a1000, 0x000001fdef1a3800, 0x000001fdef1a6000, 0x000001fdef1a7800,
0x000001fdef1a2000, 0x000001fdef1a8800, 0x000001fdf1567000, 0x000001fdf1568000,
0x000001fdf1565800, 0x000001fdf1566800, 0x000001fdf1569800, 0x000001fdf156a800,
0x000001fdf1564800, 0x000001fdf156c000, 0x000001fdf156d000, 0x000001fdf1571000,
0x000001fdf156d800, 0x000001fdf156e800, 0x000001fdf156b800, 0x000001fdf156f800,
0x000001fdf1572800, 0x000001fdf1570000, 0x000001fdf1573800, 0x000001fdf1572000,
0x000001fded1b3800, 0x000001fded1b4800, 0x000001fdeb6ec800, 0x000001fded1b3000,
0x000001fded1b7000, 0x000001fded1b1000, 0x000001fded1b7800, 0x000001fded1b5000,
0x000001fded1b6000, 0x000001fded1b2000, 0x000001fded1bc000, 0x000001fded1bc800,
0x000001fded1bd800, 0x000001fded1be000, 0x000001fded1b8800, 0x000001fdeb6ef000
}

Java Threads: ( => current thread )
  0x000001fdcc443800 JavaThread "main" [_thread_blocked, id=4092, stack(0x00000043b4400000,0x00000043b4500000)]
  0x000001fde7179000 JavaThread "Reference Handler" daemon [_thread_blocked, id=7788, stack(0x00000043b4b00000,0x00000043b4c00000)]
  0x000001fde7182800 JavaThread "Finalizer" daemon [_thread_blocked, id=8516, stack(0x00000043b4c00000,0x00000043b4d00000)]
  0x000001fde71d1000 JavaThread "Signal Dispatcher" daemon [_thread_blocked, id=10764, stack(0x00000043b4d00000,0x00000043b4e00000)]
  0x000001fde71d3000 JavaThread "Attach Listener" daemon [_thread_blocked, id=13712, stack(0x00000043b4e00000,0x00000043b4f00000)]
  0x000001fde71d4000 JavaThread "Service Thread" daemon [_thread_blocked, id=3208, stack(0x00000043b4f00000,0x00000043b5000000)]
  0x000001fde71df000 JavaThread "C2 CompilerThread0" daemon [_thread_in_native, id=11804, stack(0x00000043b5000000,0x00000043b5100000)]
  0x000001fde71e5800 JavaThread "C1 CompilerThread0" daemon [_thread_blocked, id=9284, stack(0x00000043b5100000,0x00000043b5200000)]
  0x000001fde71e9000 JavaThread "Sweeper thread" daemon [_thread_blocked, id=13412, stack(0x00000043b5200000,0x00000043b5300000)]
  0x000001fde7351800 JavaThread "Common-Cleaner" daemon [_thread_blocked, id=6032, stack(0x00000043b5300000,0x00000043b5400000)]
  0x000001fde85b0800 JavaThread "Daemon health stats" [_thread_blocked, id=7836, stack(0x00000043b5b00000,0x00000043b5c00000)]
  0x000001fde76d3000 JavaThread "Incoming local TCP Connector on port 57389" [_thread_in_native, id=13716, stack(0x00000043b5500000,0x00000043b5600000)]
  0x000001fde84f4000 JavaThread "Daemon periodic checks" [_thread_blocked, id=8388, stack(0x00000043b5a00000,0x00000043b5b00000)]
  0x000001fde91b9800 JavaThread "Cache worker for journal cache (C:\Users\Administrator\.gradle\caches\journal-1)" [_thread_blocked, id=6652, stack(0x00000043b6300000,0x00000043b6400000)]
  0x000001fde91ba000 JavaThread "File lock request listener" [_thread_in_native, id=10568, stack(0x00000043b6400000,0x00000043b6500000)]
  0x000001fde91b8800 JavaThread "Cache worker for file hash cache (C:\Users\Administrator\.gradle\caches\7.5\fileHashes)" [_thread_blocked, id=7576, stack(0x00000043b6900000,0x00000043b6a00000)]
  0x000001fde91b7800 JavaThread "File watcher server" daemon [_thread_in_native, id=8024, stack(0x00000043b6c00000,0x00000043b6d00000)]
  0x000001fdeba32800 JavaThread "File watcher consumer" daemon [_thread_blocked, id=13900, stack(0x00000043b6d00000,0x00000043b6e00000)]
  0x000001fdeba33800 JavaThread "Cache worker for file content cache (C:\Users\Administrator\.gradle\caches\7.5\fileContent)" [_thread_blocked, id=8532, stack(0x00000043b7000000,0x00000043b7100000)]
  0x000001fdeba37800 JavaThread "Cache worker for execution history cache (C:\Users\Administrator\.gradle\caches\7.5\executionHistory)" [_thread_blocked, id=11096, stack(0x00000043b7300000,0x00000043b7400000)]
  0x000001fdeba32000 JavaThread "jar transforms" [_thread_blocked, id=10736, stack(0x00000043b7400000,0x00000043b7500000)]
  0x000001fdeba3a800 JavaThread "jar transforms Thread 2" [_thread_blocked, id=5372, stack(0x00000043b7500000,0x00000043b7600000)]
  0x000001fdeba3a000 JavaThread "jar transforms Thread 3" [_thread_blocked, id=4876, stack(0x00000043b7600000,0x00000043b7700000)]
  0x000001fdeba3e000 JavaThread "jar transforms Thread 4" [_thread_blocked, id=10796, stack(0x00000043b7700000,0x00000043b7800000)]
  0x000001fdeba3f800 JavaThread "jar transforms Thread 5" [_thread_blocked, id=10768, stack(0x00000043b6a00000,0x00000043b6b00000)]
  0x000001fdee558000 JavaThread "jar transforms Thread 6" [_thread_blocked, id=12620, stack(0x00000043bca00000,0x00000043bcb00000)]
  0x000001fdee552800 JavaThread "jar transforms Thread 7" [_thread_blocked, id=7868, stack(0x00000043bcb00000,0x00000043bcc00000)]
  0x000001fdee553000 JavaThread "jar transforms Thread 8" [_thread_blocked, id=3344, stack(0x00000043bcc00000,0x00000043bcd00000)]
  0x000001fdee55a800 JavaThread "Memory manager" [_thread_blocked, id=6952, stack(0x00000043bcf00000,0x00000043bd000000)]
  0x000001fdee559800 JavaThread "pool-3-thread-1" [_thread_blocked, id=2072, stack(0x00000043bd000000,0x00000043bd100000)]
  0x000001fded1ba000 JavaThread "pool-6-thread-1" [_thread_blocked, id=10132, stack(0x00000043bce00000,0x00000043bcf00000)]
  0x000001fdecfdc000 JavaThread "pool-9-thread-1" [_thread_blocked, id=12408, stack(0x00000043bc900000,0x00000043bca00000)]
  0x000001fdecb91800 JavaThread "pool-12-thread-1" [_thread_blocked, id=10756, stack(0x00000043bcd00000,0x00000043bce00000)]
  0x000001fdecb99800 JavaThread "Cache worker for Java compile cache (C:\Users\Administrator\.gradle\caches\7.5\javaCompile)" [_thread_blocked, id=9536, stack(0x00000043bdd00000,0x00000043bde00000)]
  0x000001fdf1569000 JavaThread "pool-16-thread-1" [_thread_blocked, id=8248, stack(0x00000043bd100000,0x00000043bd200000)]
  0x000001fdf36c0800 JavaThread "pool-19-thread-1" [_thread_blocked, id=768, stack(0x00000043bd200000,0x00000043bd300000)]
  0x000001fdf36bc000 JavaThread "pool-23-thread-1" [_thread_blocked, id=7508, stack(0x00000043bd300000,0x00000043bd400000)]
  0x000001fdf36b9800 JavaThread "pool-27-thread-1" [_thread_blocked, id=1948, stack(0x00000043bd400000,0x00000043bd500000)]
  0x000001fdee55e800 JavaThread "pool-30-thread-1" [_thread_blocked, id=13692, stack(0x00000043bd500000,0x00000043bd600000)]
  0x000001fdee794800 JavaThread "ForkJoinPool.commonPool-worker-7" daemon [_thread_blocked, id=11100, stack(0x00000043bfd00000,0x00000043bfe00000)]
  0x000001fdee78f800 JavaThread "ForkJoinPool.commonPool-worker-5" daemon [_thread_blocked, id=9752, stack(0x00000043bfe00000,0x00000043bff00000)]
  0x000001fdee793800 JavaThread "Daemon Thread 7" [_thread_blocked, id=11544, stack(0x00000043b4100000,0x00000043b4200000)]
  0x000001fdee790800 JavaThread "Handler for socket connection from /127.0.0.1:57389 to /127.0.0.1:60634" [_thread_in_native, id=9580, stack(0x00000043b4200000,0x00000043b4300000)]
  0x000001fdee792000 JavaThread "Cancel handler" [_thread_blocked, id=7160, stack(0x00000043b4300000,0x00000043b4400000)]
  0x000001fdee78e800 JavaThread "Daemon worker Thread 7" [_thread_blocked, id=2448, stack(0x00000043b5c00000,0x00000043b5d00000)]
  0x000001fdee796000 JavaThread "Asynchronous log dispatcher for DefaultDaemonConnection: socket connection from /127.0.0.1:57389 to /127.0.0.1:60634" [_thread_blocked, id=4928, stack(0x00000043b5d00000,0x00000043b5e00000)]
  0x000001fdee797000 JavaThread "Stdin handler" [_thread_blocked, id=740, stack(0x00000043b5e00000,0x00000043b5f00000)]
  0x000001fdee791000 JavaThread "Daemon client event forwarder" [_thread_blocked, id=3480, stack(0x00000043b5f00000,0x00000043b6000000)]
  0x000001fdee793000 JavaThread "Cache worker for checksums cache (D:\AndroidStudioProjects\Store\.gradle\7.5\checksums)" [_thread_blocked, id=2248, stack(0x00000043b6000000,0x00000043b6100000)]
  0x000001fdee795000 JavaThread "Cache worker for cache directory md-rule (C:\Users\Administrator\.gradle\caches\7.5\md-rule)" [_thread_blocked, id=10936, stack(0x00000043b6100000,0x00000043b6200000)]
  0x000001fdee79a000 JavaThread "Cache worker for file hash cache (D:\AndroidStudioProjects\Store\.gradle\7.5\fileHashes)" [_thread_blocked, id=11200, stack(0x00000043b6200000,0x00000043b6300000)]
  0x000001fdee797800 JavaThread "Cache worker for cache directory md-supplier (C:\Users\Administrator\.gradle\caches\7.5\md-supplier)" [_thread_blocked, id=7628, stack(0x00000043b6b00000,0x00000043b6c00000)]
  0x000001fdee79b000 JavaThread "Cache worker for dependencies-accessors (D:\AndroidStudioProjects\Store\.gradle\7.5\dependencies-accessors)" [_thread_blocked, id=8456, stack(0x00000043b6e00000,0x00000043b6f00000)]
  0x000001fdee79c000 JavaThread "Cache worker for Build Output Cleanup Cache (D:\AndroidStudioProjects\Store\.gradle\buildOutputCleanup)" [_thread_blocked, id=9544, stack(0x00000043b6f00000,0x00000043b7000000)]
  0x000001fdee79d800 JavaThread "Unconstrained build operations" [_thread_blocked, id=4280, stack(0x00000043b7100000,0x00000043b7200000)]
  0x000001fdee79c800 JavaThread "Unconstrained build operations Thread 2" [_thread_blocked, id=6188, stack(0x00000043b7200000,0x00000043b7300000)]
  0x000001fdee79e000 JavaThread "Unconstrained build operations Thread 3" [_thread_blocked, id=3708, stack(0x00000043b7800000,0x00000043b7900000)]
  0x000001fdee798800 JavaThread "Unconstrained build operations Thread 4" [_thread_blocked, id=11696, stack(0x00000043b7900000,0x00000043b7a00000)]
  0x000001fdee799800 JavaThread "Unconstrained build operations Thread 5" [_thread_blocked, id=12168, stack(0x00000043b7a00000,0x00000043b7b00000)]
  0x000001fdee7a3000 JavaThread "Unconstrained build operations Thread 6" [_thread_blocked, id=2324, stack(0x00000043b7b00000,0x00000043b7c00000)]
  0x000001fdee7a0000 JavaThread "Unconstrained build operations Thread 7" [_thread_blocked, id=14252, stack(0x00000043b7c00000,0x00000043b7d00000)]
  0x000001fdee7a4800 JavaThread "Unconstrained build operations Thread 8" [_thread_blocked, id=3508, stack(0x00000043b7d00000,0x00000043b7e00000)]
  0x000001fdee7a0800 JavaThread "Unconstrained build operations Thread 9" [_thread_blocked, id=12644, stack(0x00000043b7e00000,0x00000043b7f00000)]
  0x000001fdee7a1800 JavaThread "Unconstrained build operations Thread 10" [_thread_blocked, id=12852, stack(0x00000043b7f00000,0x00000043b8000000)]
  0x000001fdee7a4000 JavaThread "Unconstrained build operations Thread 11" [_thread_blocked, id=10668, stack(0x00000043b8000000,0x00000043b8100000)]
  0x000001fdee7a2800 JavaThread "Unconstrained build operations Thread 12" [_thread_blocked, id=11196, stack(0x00000043b8100000,0x00000043b8200000)]
  0x000001fdee79f000 JavaThread "Unconstrained build operations Thread 13" [_thread_blocked, id=13644, stack(0x00000043b8200000,0x00000043b8300000)]
  0x000001fdee7a9000 JavaThread "Unconstrained build operations Thread 14" [_thread_blocked, id=10816, stack(0x00000043b8300000,0x00000043b8400000)]
  0x000001fdee7a7000 JavaThread "Unconstrained build operations Thread 15" [_thread_blocked, id=6048, stack(0x00000043b8400000,0x00000043b8500000)]
  0x000001fdee7a9800 JavaThread "Unconstrained build operations Thread 16" [_thread_blocked, id=7244, stack(0x00000043b8500000,0x00000043b8600000)]
  0x000001fdee7aa800 JavaThread "Unconstrained build operations Thread 17" [_thread_blocked, id=436, stack(0x00000043b8600000,0x00000043b8700000)]
  0x000001fdee7a6800 JavaThread "Unconstrained build operations Thread 18" [_thread_blocked, id=11108, stack(0x00000043b8700000,0x00000043b8800000)]
  0x000001fdee7a8000 JavaThread "Unconstrained build operations Thread 19" [_thread_blocked, id=3936, stack(0x00000043b8800000,0x00000043b8900000)]
  0x000001fdee7ab800 JavaThread "Unconstrained build operations Thread 20" [_thread_blocked, id=12192, stack(0x00000043b8900000,0x00000043b8a00000)]
  0x000001fdee7a5800 JavaThread "Unconstrained build operations Thread 21" [_thread_blocked, id=3500, stack(0x00000043b8a00000,0x00000043b8b00000)]
  0x000001fdee7ac000 JavaThread "Unconstrained build operations Thread 22" [_thread_blocked, id=12548, stack(0x00000043b8b00000,0x00000043b8c00000)]
  0x000001fdee7ad000 JavaThread "Unconstrained build operations Thread 23" [_thread_blocked, id=5864, stack(0x00000043b8c00000,0x00000043b8d00000)]
  0x000001fdee7ad800 JavaThread "Unconstrained build operations Thread 24" [_thread_blocked, id=7404, stack(0x00000043b8d00000,0x00000043b8e00000)]
  0x000001fdecfde800 JavaThread "Unconstrained build operations Thread 25" [_thread_blocked, id=7220, stack(0x00000043b8e00000,0x00000043b8f00000)]
  0x000001fdecfd9000 JavaThread "Unconstrained build operations Thread 26" [_thread_blocked, id=14256, stack(0x00000043b8f00000,0x00000043b9000000)]
  0x000001fdecfdf800 JavaThread "Unconstrained build operations Thread 27" [_thread_blocked, id=8512, stack(0x00000043b9000000,0x00000043b9100000)]
  0x000001fdecfde000 JavaThread "Unconstrained build operations Thread 28" [_thread_blocked, id=5212, stack(0x00000043b9100000,0x00000043b9200000)]
  0x000001fdecfd9800 JavaThread "Unconstrained build operations Thread 29" [_thread_blocked, id=9256, stack(0x00000043b9200000,0x00000043b9300000)]
  0x000001fdecfdd000 JavaThread "Unconstrained build operations Thread 30" [_thread_blocked, id=2216, stack(0x00000043b9300000,0x00000043b9400000)]
  0x000001fdecfe0000 JavaThread "Unconstrained build operations Thread 31" [_thread_blocked, id=1332, stack(0x00000043b9400000,0x00000043b9500000)]
  0x000001fdecfda800 JavaThread "Unconstrained build operations Thread 32" [_thread_blocked, id=10696, stack(0x00000043b9500000,0x00000043b9600000)]
  0x000001fdecfe1000 JavaThread "Unconstrained build operations Thread 33" [_thread_blocked, id=9016, stack(0x00000043b9600000,0x00000043b9700000)]
  0x000001fdecfdb800 JavaThread "Unconstrained build operations Thread 34" [_thread_blocked, id=13268, stack(0x00000043b9700000,0x00000043b9800000)]
  0x000001fdecfe6000 JavaThread "Unconstrained build operations Thread 35" [_thread_blocked, id=9308, stack(0x00000043b9800000,0x00000043b9900000)]
  0x000001fdecfe6800 JavaThread "Unconstrained build operations Thread 36" [_thread_blocked, id=3644, stack(0x00000043b9900000,0x00000043b9a00000)]
  0x000001fdecfe7800 JavaThread "Unconstrained build operations Thread 37" [_thread_blocked, id=14284, stack(0x00000043b9a00000,0x00000043b9b00000)]
  0x000001fdecfe2800 JavaThread "Unconstrained build operations Thread 38" [_thread_blocked, id=9392, stack(0x00000043b9b00000,0x00000043b9c00000)]
  0x000001fdecfe2000 JavaThread "Unconstrained build operations Thread 39" [_thread_blocked, id=13972, stack(0x00000043b9c00000,0x00000043b9d00000)]
  0x000001fdecfe3800 JavaThread "Unconstrained build operations Thread 40" [_thread_blocked, id=3548, stack(0x00000043b9d00000,0x00000043b9e00000)]
  0x000001fdecfe4800 JavaThread "Unconstrained build operations Thread 41" [_thread_blocked, id=12464, stack(0x00000043b9e00000,0x00000043b9f00000)]
  0x000001fdecfe5000 JavaThread "Unconstrained build operations Thread 42" [_thread_blocked, id=5596, stack(0x00000043b9f00000,0x00000043ba000000)]
  0x000001fdef19b800 JavaThread "Unconstrained build operations Thread 43" [_thread_blocked, id=12260, stack(0x00000043ba000000,0x00000043ba100000)]
  0x000001fdef19a800 JavaThread "Unconstrained build operations Thread 44" [_thread_blocked, id=2168, stack(0x00000043ba100000,0x00000043ba200000)]
  0x000001fdef19c000 JavaThread "Unconstrained build operations Thread 45" [_thread_blocked, id=13056, stack(0x00000043ba200000,0x00000043ba300000)]
  0x000001fdef19f800 JavaThread "Unconstrained build operations Thread 46" [_thread_blocked, id=7184, stack(0x00000043ba300000,0x00000043ba400000)]
  0x000001fdef19d000 JavaThread "Unconstrained build operations Thread 47" [_thread_blocked, id=4936, stack(0x00000043ba400000,0x00000043ba500000)]
  0x000001fdef19e000 JavaThread "Unconstrained build operations Thread 48" [_thread_blocked, id=7648, stack(0x00000043ba500000,0x00000043ba600000)]
  0x000001fdef199800 JavaThread "Unconstrained build operations Thread 49" [_thread_blocked, id=1476, stack(0x00000043ba600000,0x00000043ba700000)]
  0x000001fdef1a0000 JavaThread "Unconstrained build operations Thread 50" [_thread_blocked, id=4644, stack(0x00000043ba700000,0x00000043ba800000)]
  0x000001fdef1a4800 JavaThread "Unconstrained build operations Thread 51" [_thread_blocked, id=8176, stack(0x00000043ba800000,0x00000043ba900000)]
  0x000001fdef19e800 JavaThread "Unconstrained build operations Thread 52" [_thread_blocked, id=13816, stack(0x00000043ba900000,0x00000043baa00000)]
  0x000001fdef1a2800 JavaThread "Unconstrained build operations Thread 53" [_thread_blocked, id=6300, stack(0x00000043baa00000,0x00000043bab00000)]
  0x000001fdef1a5000 JavaThread "Unconstrained build operations Thread 54" [_thread_blocked, id=13652, stack(0x00000043bab00000,0x00000043bac00000)]
  0x000001fdef1a1000 JavaThread "Unconstrained build operations Thread 55" [_thread_blocked, id=3028, stack(0x00000043bac00000,0x00000043bad00000)]
  0x000001fdef1a3800 JavaThread "Unconstrained build operations Thread 56" [_thread_blocked, id=732, stack(0x00000043bad00000,0x00000043bae00000)]
  0x000001fdef1a6000 JavaThread "Unconstrained build operations Thread 57" [_thread_blocked, id=6976, stack(0x00000043bae00000,0x00000043baf00000)]
  0x000001fdef1a7800 JavaThread "Unconstrained build operations Thread 58" [_thread_blocked, id=3168, stack(0x00000043baf00000,0x00000043bb000000)]
  0x000001fdef1a2000 JavaThread "Unconstrained build operations Thread 59" [_thread_blocked, id=7344, stack(0x00000043bb000000,0x00000043bb100000)]
  0x000001fdef1a8800 JavaThread "Unconstrained build operations Thread 60" [_thread_blocked, id=7664, stack(0x00000043bb100000,0x00000043bb200000)]
  0x000001fdf1567000 JavaThread "Unconstrained build operations Thread 61" [_thread_blocked, id=7604, stack(0x00000043bb200000,0x00000043bb300000)]
  0x000001fdf1568000 JavaThread "Unconstrained build operations Thread 62" [_thread_blocked, id=6200, stack(0x00000043bb300000,0x00000043bb400000)]
  0x000001fdf1565800 JavaThread "Unconstrained build operations Thread 63" [_thread_blocked, id=2508, stack(0x00000043bb400000,0x00000043bb500000)]
  0x000001fdf1566800 JavaThread "Unconstrained build operations Thread 64" [_thread_blocked, id=11856, stack(0x00000043bb500000,0x00000043bb600000)]
  0x000001fdf1569800 JavaThread "Unconstrained build operations Thread 65" [_thread_blocked, id=13720, stack(0x00000043bb600000,0x00000043bb700000)]
  0x000001fdf156a800 JavaThread "Unconstrained build operations Thread 66" [_thread_blocked, id=6176, stack(0x00000043bb700000,0x00000043bb800000)]
  0x000001fdf1564800 JavaThread "Unconstrained build operations Thread 67" [_thread_blocked, id=5184, stack(0x00000043bb800000,0x00000043bb900000)]
  0x000001fdf156c000 JavaThread "Unconstrained build operations Thread 68" [_thread_blocked, id=7200, stack(0x00000043bb900000,0x00000043bba00000)]
  0x000001fdf156d000 JavaThread "Unconstrained build operations Thread 69" [_thread_blocked, id=1592, stack(0x00000043bba00000,0x00000043bbb00000)]
  0x000001fdf1571000 JavaThread "Unconstrained build operations Thread 70" [_thread_blocked, id=13568, stack(0x00000043bbb00000,0x00000043bbc00000)]
  0x000001fdf156d800 JavaThread "Unconstrained build operations Thread 71" [_thread_blocked, id=7880, stack(0x00000043bbc00000,0x00000043bbd00000)]
  0x000001fdf156e800 JavaThread "Unconstrained build operations Thread 72" [_thread_blocked, id=8908, stack(0x00000043bbd00000,0x00000043bbe00000)]
  0x000001fdf156b800 JavaThread "Unconstrained build operations Thread 73" [_thread_blocked, id=13428, stack(0x00000043bbe00000,0x00000043bbf00000)]
  0x000001fdf156f800 JavaThread "Unconstrained build operations Thread 74" [_thread_blocked, id=10380, stack(0x00000043bbf00000,0x00000043bc000000)]
  0x000001fdf1572800 JavaThread "Unconstrained build operations Thread 75" [_thread_blocked, id=4020, stack(0x00000043bc000000,0x00000043bc100000)]
  0x000001fdf1570000 JavaThread "Unconstrained build operations Thread 76" [_thread_blocked, id=1768, stack(0x00000043bc100000,0x00000043bc200000)]
  0x000001fdf1573800 JavaThread "Unconstrained build operations Thread 77" [_thread_blocked, id=13032, stack(0x00000043bc200000,0x00000043bc300000)]
  0x000001fdf1572000 JavaThread "Unconstrained build operations Thread 78" [_thread_blocked, id=10624, stack(0x00000043bc300000,0x00000043bc400000)]
  0x000001fded1b3800 JavaThread "Unconstrained build operations Thread 79" [_thread_blocked, id=12900, stack(0x00000043bc400000,0x00000043bc500000)]
  0x000001fded1b4800 JavaThread "Unconstrained build operations Thread 80" [_thread_blocked, id=9004, stack(0x00000043bc500000,0x00000043bc600000)]
=>0x000001fdeb6ec800 JavaThread "C2 CompilerThread1" daemon [_thread_in_native, id=6844, stack(0x00000043bc600000,0x00000043bc700000)]
  0x000001fded1b3000 JavaThread "build event listener" [_thread_blocked, id=1384, stack(0x00000043bc700000,0x00000043bc800000)]
  0x000001fded1b7000 JavaThread "pool-35-thread-1" [_thread_blocked, id=13772, stack(0x00000043bc800000,0x00000043bc900000)]
  0x000001fded1b1000 JavaThread "build event listener" [_thread_blocked, id=11320, stack(0x00000043bd600000,0x00000043bd700000)]
  0x000001fded1b7800 JavaThread "included builds" [_thread_blocked, id=11216, stack(0x00000043bd700000,0x00000043bd800000)]
  0x000001fded1b5000 JavaThread "Execution worker" [_thread_blocked, id=14124, stack(0x00000043bd800000,0x00000043bd900000)]
  0x000001fded1b6000 JavaThread "Execution worker Thread 2" [_thread_blocked, id=8864, stack(0x00000043bd900000,0x00000043bda00000)]
  0x000001fded1b2000 JavaThread "Execution worker Thread 3" [_thread_blocked, id=13372, stack(0x00000043bda00000,0x00000043bdb00000)]
  0x000001fded1bc000 JavaThread "Execution worker Thread 4" [_thread_blocked, id=6380, stack(0x00000043bde00000,0x00000043bdf00000)]
  0x000001fded1bc800 JavaThread "Execution worker Thread 5" [_thread_blocked, id=1084, stack(0x00000043bdf00000,0x00000043be000000)]
  0x000001fded1bd800 JavaThread "Execution worker Thread 6" [_thread_blocked, id=7016, stack(0x00000043be000000,0x00000043be100000)]
  0x000001fded1be000 JavaThread "Execution worker Thread 7" [_thread_in_Java, id=11240, stack(0x00000043be100000,0x00000043be200000)]
  0x000001fded1b8800 JavaThread "Cache worker for execution history cache (D:\AndroidStudioProjects\Store\.gradle\7.5\executionHistory)" [_thread_blocked, id=10692, stack(0x00000043be200000,0x00000043be300000)]
  0x000001fdeb6ef000 JavaThread "C2 CompilerThread2" daemon [_thread_in_native, id=3908, stack(0x00000043be300000,0x00000043be400000)]

Other Threads:
  0x000001fde7173800 VMThread "VM Thread" [stack: 0x00000043b4a00000,0x00000043b4b00000] [id=10892]
  0x000001fde7368800 WatcherThread [stack: 0x00000043b5400000,0x00000043b5500000] [id=3804]
  0x000001fdcc45c800 GCTaskThread "GC Thread#0" [stack: 0x00000043b4500000,0x00000043b4600000] [id=10820]
  0x000001fde8214800 GCTaskThread "GC Thread#1" [stack: 0x00000043b5600000,0x00000043b5700000] [id=12156]
  0x000001fde7a42800 GCTaskThread "GC Thread#2" [stack: 0x00000043b5700000,0x00000043b5800000] [id=1324]
  0x000001fde867a800 GCTaskThread "GC Thread#3" [stack: 0x00000043b5800000,0x00000043b5900000] [id=248]
  0x000001fde8140000 GCTaskThread "GC Thread#4" [stack: 0x00000043b5900000,0x00000043b5a00000] [id=11400]
  0x000001fde92b9800 GCTaskThread "GC Thread#5" [stack: 0x00000043b6500000,0x00000043b6600000] [id=3120]
  0x000001fde9152000 GCTaskThread "GC Thread#6" [stack: 0x00000043b6600000,0x00000043b6700000] [id=3984]
  0x000001fde96a3800 GCTaskThread "GC Thread#7" [stack: 0x00000043b6700000,0x00000043b6800000] [id=2344]
  0x000001fdcc491000 ConcurrentGCThread "G1 Main Marker" [stack: 0x00000043b4600000,0x00000043b4700000] [id=220]
  0x000001fdcc492800 ConcurrentGCThread "G1 Conc#0" [stack: 0x00000043b4700000,0x00000043b4800000] [id=10068]
  0x000001fde90f6000 ConcurrentGCThread "G1 Conc#1" [stack: 0x00000043b6800000,0x00000043b6900000] [id=11084]
  0x000001fde67bf800 ConcurrentGCThread "G1 Refine#0" [stack: 0x00000043b4800000,0x00000043b4900000] [id=10324]
  0x000001fdf1813800 ConcurrentGCThread "G1 Refine#1" [stack: 0x00000043bdb00000,0x00000043bdc00000] [id=12348]
  0x000001fdf4565000 ConcurrentGCThread "G1 Refine#2" [stack: 0x00000043bdc00000,0x00000043bdd00000] [id=8476]
  0x000001fde67c0800 ConcurrentGCThread "G1 Young RemSet Sampling" [stack: 0x00000043b4900000,0x00000043b4a00000] [id=13540]

Threads with active compile tasks:
C2 CompilerThread0  2662590 24610   !   4       org.gradle.internal.resources.AbstractTrackedResourceLock::unlock (78 bytes)
C1 CompilerThread0  2662590 24650       3       org.gradle.internal.component.local.model.DefaultLocalComponentMetadata$DefaultLocalConfigurationMetadata::getDependencies (173 bytes)
C2 CompilerThread1  2662591 24608       4       org.gradle.internal.fingerprint.impl.DefaultFileCollectionSnapshotter$SnapshottingVisitor::visitCollection (71 bytes)
C2 CompilerThread2  2662591 24647       4       org.gradle.api.internal.artifacts.transform.ConsumerProvidedVariantFinder::collectConsumerVariants (28 bytes)

VM state:not at safepoint (normal execution)

VM Mutex/Monitor currently owned by a thread: None

Heap address: 0x0000000080000000, size: 2048 MB, Compressed Oops mode: 32-bit
Narrow klass base: 0x0000000000000000, Narrow klass shift: 3
Compressed class space size: 1073741824 Address: 0x0000000100000000

Heap:
 garbage-first heap   total 229376K, used 136263K [0x0000000080000000, 0x0000000100000000)
  region size 1024K, 25 young (25600K), 2 survivors (2048K)
 Metaspace       used 134391K, capacity 138837K, committed 139188K, reserved 1169408K
  class space    used 16689K, capacity 18390K, committed 18532K, reserved 1048576K
Heap Regions: E=young(eden), S=young(survivor), O=old, HS=humongous(starts), HC=humongous(continues), CS=collection set, F=free, A=archive, TAMS=top-at-mark-start (previous, next)
|   0|0x0000000080000000, 0x0000000080100000, 0x0000000080100000|100%| O|  |TAMS 0x0000000080100000, 0x0000000080000000| Untracked 
|   1|0x0000000080100000, 0x0000000080200000, 0x0000000080200000|100%| O|  |TAMS 0x0000000080200000, 0x0000000080100000| Untracked 
|   2|0x0000000080200000, 0x0000000080300000, 0x0000000080300000|100%| O|  |TAMS 0x0000000080300000, 0x0000000080200000| Untracked 
|   3|0x0000000080300000, 0x0000000080400000, 0x0000000080400000|100%|HS|  |TAMS 0x0000000080400000, 0x0000000080300000| Complete 
|   4|0x0000000080400000, 0x0000000080500000, 0x0000000080500000|100%|HC|  |TAMS 0x0000000080500000, 0x0000000080400000| Complete 
|   5|0x0000000080500000, 0x0000000080600000, 0x0000000080600000|100%|HC|  |TAMS 0x0000000080600000, 0x0000000080500000| Complete 
|   6|0x0000000080600000, 0x0000000080700000, 0x0000000080700000|100%| O|  |TAMS 0x0000000080700000, 0x0000000080600000| Untracked 
|   7|0x0000000080700000, 0x0000000080800000, 0x0000000080800000|100%| O|  |TAMS 0x0000000080800000, 0x0000000080700000| Untracked 
|   8|0x0000000080800000, 0x0000000080900000, 0x0000000080900000|100%| O|  |TAMS 0x0000000080900000, 0x0000000080800000| Untracked 
|   9|0x0000000080900000, 0x0000000080a00000, 0x0000000080a00000|100%| O|  |TAMS 0x0000000080a00000, 0x0000000080900000| Untracked 
|  10|0x0000000080a00000, 0x0000000080b00000, 0x0000000080b00000|100%| O|  |TAMS 0x0000000080b00000, 0x0000000080a00000| Untracked 
|  11|0x0000000080b00000, 0x0000000080c00000, 0x0000000080c00000|100%| O|  |TAMS 0x0000000080c00000, 0x0000000080b00000| Untracked 
|  12|0x0000000080c00000, 0x0000000080d00000, 0x0000000080d00000|100%| O|  |TAMS 0x0000000080d00000, 0x0000000080c00000| Untracked 
|  13|0x0000000080d00000, 0x0000000080e00000, 0x0000000080e00000|100%| O|  |TAMS 0x0000000080e00000, 0x0000000080d00000| Untracked 
|  14|0x0000000080e00000, 0x0000000080f00000, 0x0000000080f00000|100%| O|  |TAMS 0x0000000080f00000, 0x0000000080e00000| Untracked 
|  15|0x0000000080f00000, 0x0000000081000000, 0x0000000081000000|100%| O|  |TAMS 0x0000000081000000, 0x0000000080f00000| Untracked 
|  16|0x0000000081000000, 0x0000000081100000, 0x0000000081100000|100%| O|  |TAMS 0x0000000081100000, 0x0000000081000000| Untracked 
|  17|0x0000000081100000, 0x0000000081200000, 0x0000000081200000|100%|HS|  |TAMS 0x0000000081200000, 0x0000000081100000| Complete 
|  18|0x0000000081200000, 0x0000000081300000, 0x0000000081300000|100%|HS|  |TAMS 0x0000000081300000, 0x0000000081200000| Complete 
|  19|0x0000000081300000, 0x0000000081400000, 0x0000000081400000|100%| O|  |TAMS 0x0000000081400000, 0x0000000081300000| Untracked 
|  20|0x0000000081400000, 0x0000000081500000, 0x0000000081500000|100%| O|  |TAMS 0x0000000081500000, 0x0000000081400000| Untracked 
|  21|0x0000000081500000, 0x0000000081600000, 0x0000000081600000|100%| O|  |TAMS 0x0000000081600000, 0x0000000081500000| Untracked 
|  22|0x0000000081600000, 0x0000000081700000, 0x0000000081700000|100%| O|  |TAMS 0x0000000081700000, 0x0000000081600000| Untracked 
|  23|0x0000000081700000, 0x0000000081800000, 0x0000000081800000|100%| O|  |TAMS 0x0000000081800000, 0x0000000081700000| Untracked 
|  24|0x0000000081800000, 0x0000000081900000, 0x0000000081900000|100%| O|  |TAMS 0x0000000081900000, 0x0000000081800000| Untracked 
|  25|0x0000000081900000, 0x0000000081a00000, 0x0000000081a00000|100%| O|  |TAMS 0x0000000081900000, 0x0000000081900000| Untracked 
|  26|0x0000000081a00000, 0x0000000081b00000, 0x0000000081b00000|100%| O|  |TAMS 0x0000000081b00000, 0x0000000081a00000| Untracked 
|  27|0x0000000081b00000, 0x0000000081c00000, 0x0000000081c00000|100%| O|  |TAMS 0x0000000081c00000, 0x0000000081b00000| Untracked 
|  28|0x0000000081c00000, 0x0000000081d00000, 0x0000000081d00000|100%| O|  |TAMS 0x0000000081d00000, 0x0000000081c00000| Untracked 
|  29|0x0000000081d00000, 0x0000000081e00000, 0x0000000081e00000|100%| O|  |TAMS 0x0000000081e00000, 0x0000000081d00000| Untracked 
|  30|0x0000000081e00000, 0x0000000081f00000, 0x0000000081f00000|100%| O|  |TAMS 0x0000000081f00000, 0x0000000081e00000| Untracked 
|  31|0x0000000081f00000, 0x0000000082000000, 0x0000000082000000|100%| O|  |TAMS 0x0000000082000000, 0x0000000081f00000| Untracked 
|  32|0x0000000082000000, 0x0000000082100000, 0x0000000082100000|100%| O|  |TAMS 0x0000000082100000, 0x0000000082000000| Untracked 
|  33|0x0000000082100000, 0x0000000082200000, 0x0000000082200000|100%| O|  |TAMS 0x0000000082100000, 0x0000000082100000| Untracked 
|  34|0x0000000082200000, 0x0000000082300000, 0x0000000082300000|100%| O|  |TAMS 0x0000000082300000, 0x0000000082200000| Untracked 
|  35|0x0000000082300000, 0x0000000082400000, 0x0000000082400000|100%| O|  |TAMS 0x0000000082400000, 0x0000000082300000| Untracked 
|  36|0x0000000082400000, 0x0000000082500000, 0x0000000082500000|100%| O|  |TAMS 0x0000000082500000, 0x0000000082400000| Untracked 
|  37|0x0000000082500000, 0x0000000082600000, 0x0000000082600000|100%| O|  |TAMS 0x0000000082600000, 0x0000000082500000| Untracked 
|  38|0x0000000082600000, 0x0000000082600000, 0x0000000082700000|  0%| F|  |TAMS 0x0000000082600000, 0x0000000082600000| Untracked 
|  39|0x0000000082700000, 0x0000000082800000, 0x0000000082800000|100%| O|  |TAMS 0x0000000082800000, 0x0000000082700000| Untracked 
|  40|0x0000000082800000, 0x0000000082900000, 0x0000000082900000|100%| O|  |TAMS 0x0000000082900000, 0x0000000082800000| Untracked 
|  41|0x0000000082900000, 0x0000000082a00000, 0x0000000082a00000|100%| O|  |TAMS 0x0000000082a00000, 0x0000000082900000| Untracked 
|  42|0x0000000082a00000, 0x0000000082b00000, 0x0000000082b00000|100%| O|  |TAMS 0x0000000082b00000, 0x0000000082a00000| Untracked 
|  43|0x0000000082b00000, 0x0000000082c00000, 0x0000000082c00000|100%| O|  |TAMS 0x0000000082c00000, 0x0000000082b00000| Untracked 
|  44|0x0000000082c00000, 0x0000000082d00000, 0x0000000082d00000|100%| O|  |TAMS 0x0000000082d00000, 0x0000000082c00000| Untracked 
|  45|0x0000000082d00000, 0x0000000082e00000, 0x0000000082e00000|100%| O|  |TAMS 0x0000000082e00000, 0x0000000082d00000| Untracked 
|  46|0x0000000082e00000, 0x0000000082f00000, 0x0000000082f00000|100%| O|  |TAMS 0x0000000082f00000, 0x0000000082e00000| Untracked 
|  47|0x0000000082f00000, 0x0000000083000000, 0x0000000083000000|100%| O|  |TAMS 0x0000000083000000, 0x0000000082f00000| Untracked 
|  48|0x0000000083000000, 0x0000000083000000, 0x0000000083100000|  0%| F|  |TAMS 0x0000000083000000, 0x0000000083000000| Untracked 
|  49|0x0000000083100000, 0x0000000083100000, 0x0000000083200000|  0%| F|  |TAMS 0x0000000083100000, 0x0000000083100000| Untracked 
|  50|0x0000000083200000, 0x0000000083200000, 0x0000000083300000|  0%| F|  |TAMS 0x0000000083200000, 0x0000000083200000| Untracked 
|  51|0x0000000083300000, 0x0000000083400000, 0x0000000083400000|100%| O|  |TAMS 0x0000000083400000, 0x0000000083300000| Untracked 
|  52|0x0000000083400000, 0x0000000083500000, 0x0000000083500000|100%| O|  |TAMS 0x0000000083500000, 0x0000000083400000| Untracked 
|  53|0x0000000083500000, 0x0000000083600000, 0x0000000083600000|100%| O|  |TAMS 0x0000000083600000, 0x0000000083500000| Untracked 
|  54|0x0000000083600000, 0x0000000083700000, 0x0000000083700000|100%| O|  |TAMS 0x0000000083600000, 0x0000000083600000| Untracked 
|  55|0x0000000083700000, 0x0000000083800000, 0x0000000083800000|100%| O|  |TAMS 0x0000000083700000, 0x0000000083700000| Untracked 
|  56|0x0000000083800000, 0x0000000083900000, 0x0000000083900000|100%| O|  |TAMS 0x0000000083900000, 0x0000000083800000| Untracked 
|  57|0x0000000083900000, 0x0000000083a00000, 0x0000000083a00000|100%| O|  |TAMS 0x0000000083a00000, 0x0000000083900000| Untracked 
|  58|0x0000000083a00000, 0x0000000083b00000, 0x0000000083b00000|100%| O|  |TAMS 0x0000000083b00000, 0x0000000083a00000| Untracked 
|  59|0x0000000083b00000, 0x0000000083c00000, 0x0000000083c00000|100%| O|  |TAMS 0x0000000083c00000, 0x0000000083b00000| Untracked 
|  60|0x0000000083c00000, 0x0000000083d00000, 0x0000000083d00000|100%| O|  |TAMS 0x0000000083d00000, 0x0000000083c00000| Untracked 
|  61|0x0000000083d00000, 0x0000000083e00000, 0x0000000083e00000|100%| O|  |TAMS 0x0000000083e00000, 0x0000000083d00000| Untracked 
|  62|0x0000000083e00000, 0x0000000083f00000, 0x0000000083f00000|100%| O|  |TAMS 0x0000000083f00000, 0x0000000083e00000| Untracked 
|  63|0x0000000083f00000, 0x0000000084000000, 0x0000000084000000|100%| O|  |TAMS 0x0000000084000000, 0x0000000083f00000| Untracked 
|  64|0x0000000084000000, 0x0000000084100000, 0x0000000084100000|100%| O|  |TAMS 0x0000000084000000, 0x0000000084000000| Untracked 
|  65|0x0000000084100000, 0x0000000084200000, 0x0000000084200000|100%| O|  |TAMS 0x0000000084100000, 0x0000000084100000| Untracked 
|  66|0x0000000084200000, 0x0000000084300000, 0x0000000084300000|100%| O|  |TAMS 0x0000000084200000, 0x0000000084200000| Untracked 
|  67|0x0000000084300000, 0x00000000843ab000, 0x0000000084400000| 66%| O|  |TAMS 0x0000000084300000, 0x0000000084300000| Untracked 
|  68|0x0000000084400000, 0x0000000084400000, 0x0000000084500000|  0%| F|  |TAMS 0x0000000084400000, 0x0000000084400000| Untracked 
|  69|0x0000000084500000, 0x0000000084600000, 0x0000000084600000|100%| O|  |TAMS 0x0000000084600000, 0x0000000084500000| Untracked 
|  70|0x0000000084600000, 0x0000000084700000, 0x0000000084700000|100%| O|  |TAMS 0x0000000084700000, 0x0000000084600000| Untracked 
|  71|0x0000000084700000, 0x0000000084700000, 0x0000000084800000|  0%| F|  |TAMS 0x0000000084700000, 0x0000000084700000| Untracked 
|  72|0x0000000084800000, 0x0000000084800000, 0x0000000084900000|  0%| F|  |TAMS 0x0000000084800000, 0x0000000084800000| Untracked 
|  73|0x0000000084900000, 0x0000000084a00000, 0x0000000084a00000|100%| O|  |TAMS 0x0000000084a00000, 0x0000000084900000| Untracked 
|  74|0x0000000084a00000, 0x0000000084b00000, 0x0000000084b00000|100%| O|  |TAMS 0x0000000084b00000, 0x0000000084a00000| Untracked 
|  75|0x0000000084b00000, 0x0000000084c00000, 0x0000000084c00000|100%| O|  |TAMS 0x0000000084c00000, 0x0000000084b00000| Untracked 
|  76|0x0000000084c00000, 0x0000000084c00000, 0x0000000084d00000|  0%| F|  |TAMS 0x0000000084c00000, 0x0000000084c00000| Untracked 
|  77|0x0000000084d00000, 0x0000000084e00000, 0x0000000084e00000|100%| O|  |TAMS 0x0000000084e00000, 0x0000000084d00000| Untracked 
|  78|0x0000000084e00000, 0x0000000084f00000, 0x0000000084f00000|100%| O|  |TAMS 0x0000000084f00000, 0x0000000084e00000| Untracked 
|  79|0x0000000084f00000, 0x0000000084f00000, 0x0000000085000000|  0%| F|  |TAMS 0x0000000084f00000, 0x0000000084f00000| Untracked 
|  80|0x0000000085000000, 0x0000000085000000, 0x0000000085100000|  0%| F|  |TAMS 0x0000000085000000, 0x0000000085000000| Untracked 
|  81|0x0000000085100000, 0x0000000085100000, 0x0000000085200000|  0%| F|  |TAMS 0x0000000085100000, 0x0000000085100000| Untracked 
|  82|0x0000000085200000, 0x0000000085300000, 0x0000000085300000|100%| O|  |TAMS 0x0000000085300000, 0x0000000085200000| Untracked 
|  83|0x0000000085300000, 0x0000000085400000, 0x0000000085400000|100%| O|  |TAMS 0x0000000085400000, 0x0000000085300000| Untracked 
|  84|0x0000000085400000, 0x0000000085400000, 0x0000000085500000|  0%| F|  |TAMS 0x0000000085400000, 0x0000000085400000| Untracked 
|  85|0x0000000085500000, 0x0000000085500000, 0x0000000085600000|  0%| F|  |TAMS 0x0000000085500000, 0x0000000085500000| Untracked 
|  86|0x0000000085600000, 0x0000000085700000, 0x0000000085700000|100%| O|  |TAMS 0x0000000085700000, 0x0000000085600000| Untracked 
|  87|0x0000000085700000, 0x0000000085800000, 0x0000000085800000|100%| O|  |TAMS 0x0000000085800000, 0x0000000085700000| Untracked 
|  88|0x0000000085800000, 0x0000000085900000, 0x0000000085900000|100%| O|  |TAMS 0x0000000085900000, 0x0000000085800000| Untracked 
|  89|0x0000000085900000, 0x0000000085900000, 0x0000000085a00000|  0%| F|  |TAMS 0x0000000085900000, 0x0000000085900000| Untracked 
|  90|0x0000000085a00000, 0x0000000085b00000, 0x0000000085b00000|100%| O|  |TAMS 0x0000000085b00000, 0x0000000085a00000| Untracked 
|  91|0x0000000085b00000, 0x0000000085c00000, 0x0000000085c00000|100%| O|  |TAMS 0x0000000085c00000, 0x0000000085b00000| Untracked 
|  92|0x0000000085c00000, 0x0000000085d00000, 0x0000000085d00000|100%| O|  |TAMS 0x0000000085d00000, 0x0000000085c00000| Untracked 
|  93|0x0000000085d00000, 0x0000000085e00000, 0x0000000085e00000|100%| O|  |TAMS 0x0000000085e00000, 0x0000000085d00000| Untracked 
|  94|0x0000000085e00000, 0x0000000085f00000, 0x0000000085f00000|100%| O|  |TAMS 0x0000000085f00000, 0x0000000085e00000| Untracked 
|  95|0x0000000085f00000, 0x0000000085f00000, 0x0000000086000000|  0%| F|  |TAMS 0x0000000085f00000, 0x0000000085f00000| Untracked 
|  96|0x0000000086000000, 0x0000000086000000, 0x0000000086100000|  0%| F|  |TAMS 0x0000000086000000, 0x0000000086000000| Untracked 
|  97|0x0000000086100000, 0x0000000086100000, 0x0000000086200000|  0%| F|  |TAMS 0x0000000086100000, 0x0000000086100000| Untracked 
|  98|0x0000000086200000, 0x0000000086300000, 0x0000000086300000|100%| O|  |TAMS 0x0000000086300000, 0x0000000086200000| Untracked 
|  99|0x0000000086300000, 0x0000000086400000, 0x0000000086400000|100%| O|  |TAMS 0x0000000086400000, 0x0000000086300000| Untracked 
| 100|0x0000000086400000, 0x0000000086400000, 0x0000000086500000|  0%| F|  |TAMS 0x0000000086400000, 0x0000000086400000| Untracked 
| 101|0x0000000086500000, 0x0000000086500000, 0x0000000086600000|  0%| F|  |TAMS 0x0000000086500000, 0x0000000086500000| Untracked 
| 102|0x0000000086600000, 0x0000000086600000, 0x0000000086700000|  0%| F|  |TAMS 0x0000000086600000, 0x0000000086600000| Untracked 
| 103|0x0000000086700000, 0x0000000086700000, 0x0000000086800000|  0%| F|  |TAMS 0x0000000086700000, 0x0000000086700000| Untracked 
| 104|0x0000000086800000, 0x0000000086900000, 0x0000000086900000|100%| O|  |TAMS 0x0000000086900000, 0x0000000086800000| Untracked 
| 105|0x0000000086900000, 0x0000000086a00000, 0x0000000086a00000|100%| O|  |TAMS 0x0000000086a00000, 0x0000000086900000| Untracked 
| 106|0x0000000086a00000, 0x0000000086b00000, 0x0000000086b00000|100%| O|  |TAMS 0x0000000086b00000, 0x0000000086a00000| Untracked 
| 107|0x0000000086b00000, 0x0000000086c00000, 0x0000000086c00000|100%| O|  |TAMS 0x0000000086c00000, 0x0000000086b00000| Untracked 
| 108|0x0000000086c00000, 0x0000000086d00000, 0x0000000086d00000|100%| O|  |TAMS 0x0000000086d00000, 0x0000000086c00000| Untracked 
| 109|0x0000000086d00000, 0x0000000086e00000, 0x0000000086e00000|100%| O|  |TAMS 0x0000000086e00000, 0x0000000086d00000| Untracked 
| 110|0x0000000086e00000, 0x0000000086f00000, 0x0000000086f00000|100%| O|  |TAMS 0x0000000086f00000, 0x0000000086e00000| Untracked 
| 111|0x0000000086f00000, 0x0000000087000000, 0x0000000087000000|100%| O|  |TAMS 0x0000000087000000, 0x0000000086f00000| Untracked 
| 112|0x0000000087000000, 0x0000000087100000, 0x0000000087100000|100%| O|  |TAMS 0x0000000087100000, 0x0000000087000000| Untracked 
| 113|0x0000000087100000, 0x0000000087200000, 0x0000000087200000|100%| O|  |TAMS 0x0000000087126600, 0x0000000087100000| Untracked 
| 114|0x0000000087200000, 0x0000000087300000, 0x0000000087300000|100%| O|  |TAMS 0x0000000087300000, 0x0000000087200000| Untracked 
| 115|0x0000000087300000, 0x0000000087300000, 0x0000000087400000|  0%| F|  |TAMS 0x0000000087300000, 0x0000000087300000| Untracked 
| 116|0x0000000087400000, 0x0000000087500000, 0x0000000087500000|100%| O|  |TAMS 0x0000000087500000, 0x0000000087400000| Untracked 
| 117|0x0000000087500000, 0x0000000087500000, 0x0000000087600000|  0%| F|  |TAMS 0x0000000087500000, 0x0000000087500000| Untracked 
| 118|0x0000000087600000, 0x0000000087700000, 0x0000000087700000|100%| O|  |TAMS 0x0000000087700000, 0x0000000087600000| Untracked 
| 119|0x0000000087700000, 0x0000000087800000, 0x0000000087800000|100%| O|  |TAMS 0x0000000087800000, 0x0000000087700000| Untracked 
| 120|0x0000000087800000, 0x0000000087800000, 0x0000000087900000|  0%| F|  |TAMS 0x0000000087800000, 0x0000000087800000| Untracked 
| 121|0x0000000087900000, 0x0000000087a00000, 0x0000000087a00000|100%| O|  |TAMS 0x0000000087a00000, 0x0000000087900000| Untracked 
| 122|0x0000000087a00000, 0x0000000087a00000, 0x0000000087b00000|  0%| F|  |TAMS 0x0000000087a00000, 0x0000000087a00000| Untracked 
| 123|0x0000000087b00000, 0x0000000087c00000, 0x0000000087c00000|100%| O|  |TAMS 0x0000000087c00000, 0x0000000087b00000| Untracked 
| 124|0x0000000087c00000, 0x0000000087c00000, 0x0000000087d00000|  0%| F|  |TAMS 0x0000000087c00000, 0x0000000087c00000| Untracked 
| 125|0x0000000087d00000, 0x0000000087d00000, 0x0000000087e00000|  0%| F|  |TAMS 0x0000000087d00000, 0x0000000087d00000| Untracked 
| 126|0x0000000087e00000, 0x0000000087f00000, 0x0000000087f00000|100%| O|  |TAMS 0x0000000087f00000, 0x0000000087e00000| Untracked 
| 127|0x0000000087f00000, 0x0000000088000000, 0x0000000088000000|100%| O|  |TAMS 0x0000000088000000, 0x0000000087f00000| Untracked 
| 128|0x0000000088000000, 0x0000000088100000, 0x0000000088100000|100%| O|  |TAMS 0x0000000088100000, 0x0000000088000000| Untracked 
| 129|0x0000000088100000, 0x0000000088100000, 0x0000000088200000|  0%| F|  |TAMS 0x0000000088100000, 0x0000000088100000| Untracked 
| 130|0x0000000088200000, 0x0000000088200000, 0x0000000088300000|  0%| F|  |TAMS 0x0000000088200000, 0x0000000088200000| Untracked 
| 131|0x0000000088300000, 0x0000000088400000, 0x0000000088400000|100%| O|  |TAMS 0x0000000088400000, 0x0000000088300000| Untracked 
| 132|0x0000000088400000, 0x0000000088500000, 0x0000000088500000|100%| O|  |TAMS 0x0000000088500000, 0x0000000088400000| Untracked 
| 133|0x0000000088500000, 0x0000000088600000, 0x0000000088600000|100%| O|  |TAMS 0x0000000088600000, 0x0000000088500000| Untracked 
| 134|0x0000000088600000, 0x0000000088700000, 0x0000000088700000|100%| O|  |TAMS 0x0000000088700000, 0x0000000088600000| Untracked 
| 135|0x0000000088700000, 0x0000000088700000, 0x0000000088800000|  0%| F|  |TAMS 0x0000000088700000, 0x0000000088700000| Untracked 
| 136|0x0000000088800000, 0x0000000088800000, 0x0000000088900000|  0%| F|  |TAMS 0x0000000088800000, 0x0000000088800000| Untracked 
| 137|0x0000000088900000, 0x0000000088900000, 0x0000000088a00000|  0%| F|  |TAMS 0x0000000088900000, 0x0000000088900000| Untracked 
| 138|0x0000000088a00000, 0x0000000088b00000, 0x0000000088b00000|100%| O|  |TAMS 0x0000000088b00000, 0x0000000088a00000| Untracked 
| 139|0x0000000088b00000, 0x0000000088c00000, 0x0000000088c00000|100%| O|  |TAMS 0x0000000088c00000, 0x0000000088b00000| Untracked 
| 140|0x0000000088c00000, 0x0000000088d00000, 0x0000000088d00000|100%| O|  |TAMS 0x0000000088d00000, 0x0000000088c00000| Untracked 
| 141|0x0000000088d00000, 0x0000000088e00000, 0x0000000088e00000|100%| O|  |TAMS 0x0000000088e00000, 0x0000000088d00000| Untracked 
| 142|0x0000000088e00000, 0x0000000088e00000, 0x0000000088f00000|  0%| F|  |TAMS 0x0000000088e00000, 0x0000000088e00000| Untracked 
| 143|0x0000000088f00000, 0x0000000088f00000, 0x0000000089000000|  0%| F|  |TAMS 0x0000000088f00000, 0x0000000088f00000| Untracked 
| 144|0x0000000089000000, 0x0000000089000000, 0x0000000089100000|  0%| F|  |TAMS 0x0000000089000000, 0x0000000089000000| Untracked 
| 145|0x0000000089100000, 0x0000000089100000, 0x0000000089200000|  0%| F|  |TAMS 0x0000000089100000, 0x0000000089100000| Untracked 
| 146|0x0000000089200000, 0x0000000089200000, 0x0000000089300000|  0%| F|  |TAMS 0x0000000089200000, 0x0000000089200000| Untracked 
| 147|0x0000000089300000, 0x0000000089300000, 0x0000000089400000|  0%| F|  |TAMS 0x0000000089300000, 0x0000000089300000| Untracked 
| 148|0x0000000089400000, 0x0000000089400000, 0x0000000089500000|  0%| F|  |TAMS 0x0000000089400000, 0x0000000089400000| Untracked 
| 149|0x0000000089500000, 0x0000000089500000, 0x0000000089600000|  0%| F|  |TAMS 0x0000000089500000, 0x0000000089500000| Untracked 
| 150|0x0000000089600000, 0x0000000089600000, 0x0000000089700000|  0%| F|  |TAMS 0x0000000089600000, 0x0000000089600000| Untracked 
| 151|0x0000000089700000, 0x0000000089700000, 0x0000000089800000|  0%| F|  |TAMS 0x0000000089700000, 0x0000000089700000| Untracked 
| 152|0x0000000089800000, 0x0000000089800000, 0x0000000089900000|  0%| F|  |TAMS 0x0000000089800000, 0x0000000089800000| Untracked 
| 153|0x0000000089900000, 0x0000000089900000, 0x0000000089a00000|  0%| F|  |TAMS 0x0000000089900000, 0x0000000089900000| Untracked 
| 154|0x0000000089a00000, 0x0000000089a00000, 0x0000000089b00000|  0%| F|  |TAMS 0x0000000089a00000, 0x0000000089a00000| Untracked 
| 155|0x0000000089b00000, 0x0000000089b00000, 0x0000000089c00000|  0%| F|  |TAMS 0x0000000089b00000, 0x0000000089b00000| Untracked 
| 156|0x0000000089c00000, 0x0000000089c00000, 0x0000000089d00000|  0%| F|  |TAMS 0x0000000089c00000, 0x0000000089c00000| Untracked 
| 157|0x0000000089d00000, 0x0000000089d00000, 0x0000000089e00000|  0%| F|  |TAMS 0x0000000089d00000, 0x0000000089d00000| Untracked 
| 158|0x0000000089e00000, 0x0000000089e00000, 0x0000000089f00000|  0%| F|  |TAMS 0x0000000089e00000, 0x0000000089e00000| Untracked 
| 159|0x0000000089f00000, 0x0000000089f00000, 0x000000008a000000|  0%| F|  |TAMS 0x0000000089f00000, 0x0000000089f00000| Untracked 
| 160|0x000000008a000000, 0x000000008a000000, 0x000000008a100000|  0%| F|  |TAMS 0x000000008a000000, 0x000000008a000000| Untracked 
| 161|0x000000008a100000, 0x000000008a100000, 0x000000008a200000|  0%| F|  |TAMS 0x000000008a100000, 0x000000008a100000| Untracked 
| 162|0x000000008a200000, 0x000000008a200000, 0x000000008a300000|  0%| F|  |TAMS 0x000000008a200000, 0x000000008a200000| Untracked 
| 163|0x000000008a300000, 0x000000008a300000, 0x000000008a400000|  0%| F|  |TAMS 0x000000008a300000, 0x000000008a300000| Untracked 
| 164|0x000000008a400000, 0x000000008a400000, 0x000000008a500000|  0%| F|  |TAMS 0x000000008a400000, 0x000000008a400000| Untracked 
| 165|0x000000008a500000, 0x000000008a500000, 0x000000008a600000|  0%| F|  |TAMS 0x000000008a500000, 0x000000008a500000| Untracked 
| 166|0x000000008a600000, 0x000000008a600000, 0x000000008a700000|  0%| F|  |TAMS 0x000000008a600000, 0x000000008a600000| Untracked 
| 167|0x000000008a700000, 0x000000008a700000, 0x000000008a800000|  0%| F|  |TAMS 0x000000008a700000, 0x000000008a700000| Untracked 
| 168|0x000000008a800000, 0x000000008a800000, 0x000000008a900000|  0%| F|  |TAMS 0x000000008a800000, 0x000000008a800000| Untracked 
| 169|0x000000008a900000, 0x000000008a900000, 0x000000008aa00000|  0%| F|  |TAMS 0x000000008a900000, 0x000000008a900000| Untracked 
| 170|0x000000008aa00000, 0x000000008aa00000, 0x000000008ab00000|  0%| F|  |TAMS 0x000000008aa00000, 0x000000008aa00000| Untracked 
| 171|0x000000008ab00000, 0x000000008ab00000, 0x000000008ac00000|  0%| F|  |TAMS 0x000000008ab00000, 0x000000008ab00000| Untracked 
| 172|0x000000008ac00000, 0x000000008ac00000, 0x000000008ad00000|  0%| F|  |TAMS 0x000000008ac00000, 0x000000008ac00000| Untracked 
| 173|0x000000008ad00000, 0x000000008ad00000, 0x000000008ae00000|  0%| F|  |TAMS 0x000000008ad00000, 0x000000008ad00000| Untracked 
| 174|0x000000008ae00000, 0x000000008ae00000, 0x000000008af00000|  0%| F|  |TAMS 0x000000008ae00000, 0x000000008ae00000| Untracked 
| 175|0x000000008af00000, 0x000000008af00000, 0x000000008b000000|  0%| F|  |TAMS 0x000000008af00000, 0x000000008af00000| Untracked 
| 176|0x000000008b000000, 0x000000008b000000, 0x000000008b100000|  0%| F|  |TAMS 0x000000008b000000, 0x000000008b000000| Untracked 
| 177|0x000000008b100000, 0x000000008b100000, 0x000000008b200000|  0%| F|  |TAMS 0x000000008b100000, 0x000000008b100000| Untracked 
| 178|0x000000008b200000, 0x000000008b200000, 0x000000008b300000|  0%| F|  |TAMS 0x000000008b200000, 0x000000008b200000| Untracked 
| 179|0x000000008b300000, 0x000000008b300000, 0x000000008b400000|  0%| F|  |TAMS 0x000000008b300000, 0x000000008b300000| Untracked 
| 180|0x000000008b400000, 0x000000008b400000, 0x000000008b500000|  0%| F|  |TAMS 0x000000008b400000, 0x000000008b400000| Untracked 
| 181|0x000000008b500000, 0x000000008b500000, 0x000000008b600000|  0%| F|  |TAMS 0x000000008b500000, 0x000000008b500000| Untracked 
| 182|0x000000008b600000, 0x000000008b600000, 0x000000008b700000|  0%| F|  |TAMS 0x000000008b600000, 0x000000008b600000| Untracked 
| 183|0x000000008b700000, 0x000000008b700000, 0x000000008b800000|  0%| F|  |TAMS 0x000000008b700000, 0x000000008b700000| Untracked 
| 184|0x000000008b800000, 0x000000008b800000, 0x000000008b900000|  0%| F|  |TAMS 0x000000008b800000, 0x000000008b800000| Untracked 
| 185|0x000000008b900000, 0x000000008b900000, 0x000000008ba00000|  0%| F|  |TAMS 0x000000008b900000, 0x000000008b900000| Untracked 
| 186|0x000000008ba00000, 0x000000008ba00000, 0x000000008bb00000|  0%| F|  |TAMS 0x000000008ba00000, 0x000000008ba00000| Untracked 
| 187|0x000000008bb00000, 0x000000008bb00000, 0x000000008bc00000|  0%| F|  |TAMS 0x000000008bb00000, 0x000000008bb00000| Untracked 
| 188|0x000000008bc00000, 0x000000008bc00000, 0x000000008bd00000|  0%| F|  |TAMS 0x000000008bc00000, 0x000000008bc00000| Untracked 
| 189|0x000000008bd00000, 0x000000008bd00000, 0x000000008be00000|  0%| F|  |TAMS 0x000000008bd00000, 0x000000008bd00000| Untracked 
| 190|0x000000008be00000, 0x000000008be00000, 0x000000008bf00000|  0%| F|  |TAMS 0x000000008be00000, 0x000000008be00000| Untracked 
| 191|0x000000008bf00000, 0x000000008bf00000, 0x000000008c000000|  0%| F|  |TAMS 0x000000008bf00000, 0x000000008bf00000| Untracked 
| 192|0x000000008c000000, 0x000000008c000000, 0x000000008c100000|  0%| F|  |TAMS 0x000000008c000000, 0x000000008c000000| Untracked 
| 193|0x000000008c100000, 0x000000008c100000, 0x000000008c200000|  0%| F|  |TAMS 0x000000008c100000, 0x000000008c100000| Untracked 
| 194|0x000000008c200000, 0x000000008c200000, 0x000000008c300000|  0%| F|  |TAMS 0x000000008c200000, 0x000000008c200000| Untracked 
| 195|0x000000008c300000, 0x000000008c300000, 0x000000008c400000|  0%| F|  |TAMS 0x000000008c300000, 0x000000008c300000| Untracked 
| 196|0x000000008c400000, 0x000000008c400000, 0x000000008c500000|  0%| F|  |TAMS 0x000000008c400000, 0x000000008c400000| Untracked 
| 197|0x000000008c500000, 0x000000008c500000, 0x000000008c600000|  0%| F|  |TAMS 0x000000008c500000, 0x000000008c500000| Untracked 
| 198|0x000000008c600000, 0x000000008c61f480, 0x000000008c700000| 12%| E|  |TAMS 0x000000008c600000, 0x000000008c600000| Complete 
| 199|0x000000008c700000, 0x000000008c800000, 0x000000008c800000|100%| E|CS|TAMS 0x000000008c700000, 0x000000008c700000| Complete 
| 200|0x000000008c800000, 0x000000008c900000, 0x000000008c900000|100%| E|CS|TAMS 0x000000008c800000, 0x000000008c800000| Complete 
| 201|0x000000008c900000, 0x000000008ca00000, 0x000000008ca00000|100%| E|CS|TAMS 0x000000008c900000, 0x000000008c900000| Complete 
| 202|0x000000008ca00000, 0x000000008cb00000, 0x000000008cb00000|100%| E|CS|TAMS 0x000000008ca00000, 0x000000008ca00000| Complete 
| 203|0x000000008cb00000, 0x000000008cc00000, 0x000000008cc00000|100%| E|CS|TAMS 0x000000008cb00000, 0x000000008cb00000| Complete 
| 204|0x000000008cc00000, 0x000000008cd00000, 0x000000008cd00000|100%| E|CS|TAMS 0x000000008cc00000, 0x000000008cc00000| Complete 
| 205|0x000000008cd00000, 0x000000008ce00000, 0x000000008ce00000|100%| E|CS|TAMS 0x000000008cd00000, 0x000000008cd00000| Complete 
| 206|0x000000008ce00000, 0x000000008cf00000, 0x000000008cf00000|100%| E|CS|TAMS 0x000000008ce00000, 0x000000008ce00000| Complete 
| 207|0x000000008cf00000, 0x000000008d000000, 0x000000008d000000|100%| E|CS|TAMS 0x000000008cf00000, 0x000000008cf00000| Complete 
| 208|0x000000008d000000, 0x000000008d100000, 0x000000008d100000|100%| E|CS|TAMS 0x000000008d000000, 0x000000008d000000| Complete 
| 209|0x000000008d100000, 0x000000008d200000, 0x000000008d200000|100%| E|CS|TAMS 0x000000008d100000, 0x000000008d100000| Complete 
| 210|0x000000008d200000, 0x000000008d300000, 0x000000008d300000|100%| E|CS|TAMS 0x000000008d200000, 0x000000008d200000| Complete 
| 211|0x000000008d300000, 0x000000008d400000, 0x000000008d400000|100%| E|CS|TAMS 0x000000008d300000, 0x000000008d300000| Complete 
| 212|0x000000008d400000, 0x000000008d500000, 0x000000008d500000|100%| E|CS|TAMS 0x000000008d400000, 0x000000008d400000| Complete 
| 213|0x000000008d500000, 0x000000008d600000, 0x000000008d600000|100%| E|CS|TAMS 0x000000008d500000, 0x000000008d500000| Complete 
| 214|0x000000008d600000, 0x000000008d666e90, 0x000000008d700000| 40%| S|CS|TAMS 0x000000008d600000, 0x000000008d600000| Complete 
| 215|0x000000008d700000, 0x000000008d800000, 0x000000008d800000|100%| S|CS|TAMS 0x000000008d700000, 0x000000008d700000| Complete 
| 216|0x000000008d800000, 0x000000008d900000, 0x000000008d900000|100%| E|CS|TAMS 0x000000008d800000, 0x000000008d800000| Complete 
| 217|0x000000008d900000, 0x000000008da00000, 0x000000008da00000|100%| E|CS|TAMS 0x000000008d900000, 0x000000008d900000| Complete 
| 218|0x000000008da00000, 0x000000008db00000, 0x000000008db00000|100%| E|CS|TAMS 0x000000008da00000, 0x000000008da00000| Complete 
| 219|0x000000008db00000, 0x000000008dc00000, 0x000000008dc00000|100%| E|CS|TAMS 0x000000008db00000, 0x000000008db00000| Complete 
| 220|0x000000008dc00000, 0x000000008dd00000, 0x000000008dd00000|100%| E|CS|TAMS 0x000000008dc00000, 0x000000008dc00000| Complete 
| 221|0x000000008dd00000, 0x000000008de00000, 0x000000008de00000|100%| E|CS|TAMS 0x000000008dd00000, 0x000000008dd00000| Complete 
| 222|0x000000008de00000, 0x000000008df00000, 0x000000008df00000|100%| E|CS|TAMS 0x000000008de00000, 0x000000008de00000| Complete 
| 223|0x000000008df00000, 0x000000008e000000, 0x000000008e000000|100%| E|CS|TAMS 0x000000008df00000, 0x000000008df00000| Complete 

Card table byte_map: [0x000001fddf6a0000,0x000001fddfaa0000] _byte_map_base: 0x000001fddf2a0000

Marking Bits (Prev, Next): (CMBitMap*) 0x000001fdcc488498, (CMBitMap*) 0x000001fdcc4884d0
 Prev Bits: [0x000001fddfea0000, 0x000001fde1ea0000)
 Next Bits: [0x000001fde1ea0000, 0x000001fde3ea0000)

Polling page: 0x000001fdca460000

Metaspace:

Usage:
  Non-class:    117.62 MB capacity,   114.94 MB ( 98%) used,     2.14 MB (  2%) free+waste,   550.31 KB ( <1%) overhead. 
      Class:     17.96 MB capacity,    16.30 MB ( 91%) used,     1.42 MB (  8%) free+waste,   244.25 KB (  1%) overhead. 
       Both:    135.58 MB capacity,   131.24 MB ( 97%) used,     3.56 MB (  3%) free+waste,   794.56 KB ( <1%) overhead. 

Virtual space:
  Non-class space:      118.00 MB reserved,     117.83 MB (>99%) committed 
      Class space:        1.00 GB reserved,      18.10 MB (  2%) committed 
             Both:        1.12 GB reserved,     135.93 MB ( 12%) committed 

Chunk freelists:
   Non-Class:  81.00 KB
       Class:  37.00 KB
        Both:  118.00 KB

MaxMetaspaceSize: 17179869184.00 GB
CompressedClassSpaceSize: 1.00 GB
Initial GC threshold: 20.80 MB
Current GC threshold: 226.54 MB
CDS: off

CodeHeap 'non-profiled nmethods': size=120000Kb used=17423Kb max_used=17423Kb free=102576Kb
 bounds [0x000001fdd7a40000, 0x000001fdd8b50000, 0x000001fddef70000]
CodeHeap 'profiled nmethods': size=120000Kb used=49715Kb max_used=49715Kb free=70284Kb
 bounds [0x000001fdd0510000, 0x000001fdd35a0000, 0x000001fdd7a40000]
CodeHeap 'non-nmethods': size=5760Kb used=2465Kb max_used=2559Kb free=3294Kb
 bounds [0x000001fdcff70000, 0x000001fdd0200000, 0x000001fdd0510000]
 total_blobs=23709 nmethods=22708 adapters=911
 compilation: enabled
              stopped_count=0, restarted_count=0
 full_count=0

Compilation events (20 events):
Event: 2662.532 Thread 0x000001fde71e5800 nmethod 24616 0x000001fdd8b3f390 code [0x000001fdd8b3f540, 0x000001fdd8b3f5f8]
Event: 2662.532 Thread 0x000001fde71e5800 24617       1       org.gradle.api.internal.artifacts.ivyservice.resolveengine.ComponentResolversChain::getComponentIdResolver (5 bytes)
Event: 2662.532 Thread 0x000001fde71e5800 nmethod 24617 0x000001fdd8b3f690 code [0x000001fdd8b3f840, 0x000001fdd8b3f8f8]
Event: 2662.532 Thread 0x000001fde71e5800 24618       1       org.gradle.api.internal.artifacts.ivyservice.resolveengine.ComponentResolversChain::getComponentResolver (5 bytes)
Event: 2662.532 Thread 0x000001fde71e5800 nmethod 24618 0x000001fdd8b3f990 code [0x000001fdd8b3fb40, 0x000001fdd8b3fbf8]
Event: 2662.532 Thread 0x000001fde71e5800 24619       1       org.gradle.api.internal.artifacts.DefaultGlobalDependencyResolutionRules::getModuleMetadataProcessor (5 bytes)
Event: 2662.532 Thread 0x000001fde71e5800 nmethod 24619 0x000001fdd8b3fc90 code [0x000001fdd8b3fe40, 0x000001fdd8b3fef8]
Event: 2662.532 Thread 0x000001fde71e5800 24620       1       org.gradle.api.internal.artifacts.dsl.DefaultComponentModuleMetadataHandler::getModuleReplacements (5 bytes)
Event: 2662.533 Thread 0x000001fde71e5800 nmethod 24620 0x000001fdd8b3ff90 code [0x000001fdd8b40140, 0x000001fdd8b401f8]
Event: 2662.533 Thread 0x000001fde71e5800 24621       1       org.gradle.api.internal.artifacts.ivyservice.resolutionstrategy.DefaultResolutionStrategy::getCapabilitiesResolutionRules (5 bytes)
Event: 2662.533 Thread 0x000001fde71e5800 nmethod 24621 0x000001fdd8b40290 code [0x000001fdd8b40440, 0x000001fdd8b404f8]
Event: 2662.533 Thread 0x000001fde71e5800 24622       1       org.gradle.api.internal.artifacts.ivyservice.resolveengine.ComponentResolversChain::getArtifactSelector (5 bytes)
Event: 2662.533 Thread 0x000001fde71e5800 nmethod 24622 0x000001fdd8b40590 code [0x000001fdd8b40740, 0x000001fdd8b407f8]
Event: 2662.533 Thread 0x000001fde71e5800 24623       1       org.gradle.api.internal.artifacts.ivyservice.resolveengine.graph.conflicts.DefaultConflictHandler::getResolver (5 bytes)
Event: 2662.533 Thread 0x000001fde71e5800 nmethod 24623 0x000001fdd8b40890 code [0x000001fdd8b40a40, 0x000001fdd8b40af8]
Event: 2662.533 Thread 0x000001fde71e5800 24624       1       org.gradle.internal.component.local.model.DefaultLocalComponentMetadata$DefaultLocalConfigurationMetadata::isTransitive (5 bytes)
Event: 2662.533 Thread 0x000001fde71e5800 nmethod 24624 0x000001fdd8b40b90 code [0x000001fdd8b40d40, 0x000001fdd8b40df8]
Event: 2662.533 Thread 0x000001fde71e5800 24625       1       org.gradle.api.internal.artifacts.ivyservice.resolveengine.graph.builder.ResolveState::getResolveOptimizations (5 bytes)
Event: 2662.533 Thread 0x000001fde71e5800 nmethod 24625 0x000001fdd8b40e90 code [0x000001fdd8b41040, 0x000001fdd8b410f8]
Event: 2662.533 Thread 0x000001fde71e5800 24626       1       org.gradle.api.internal.artifacts.ivyservice.resolveengine.graph.builder.ResolveState::getGeneratedRootDependencies (5 bytes)

GC Heap History (20 events):
Event: 2309.174 GC heap before
{Heap before GC invocations=51 (full 0):
 garbage-first heap   total 229376K, used 163982K [0x0000000080000000, 0x0000000100000000)
  region size 1024K, 42 young (43008K), 2 survivors (2048K)
 Metaspace       used 132313K, capacity 136775K, committed 137012K, reserved 1167360K
  class space    used 16595K, capacity 18304K, committed 18404K, reserved 1048576K
}
Event: 2309.180 GC heap after
{Heap after GC invocations=52 (full 0):
 garbage-first heap   total 229376K, used 126201K [0x0000000080000000, 0x0000000100000000)
  region size 1024K, 5 young (5120K), 5 survivors (5120K)
 Metaspace       used 132313K, capacity 136775K, committed 137012K, reserved 1167360K
  class space    used 16595K, capacity 18304K, committed 18404K, reserved 1048576K
}
Event: 2311.781 GC heap before
{Heap before GC invocations=53 (full 0):
 garbage-first heap   total 229376K, used 167161K [0x0000000080000000, 0x0000000100000000)
  region size 1024K, 46 young (47104K), 5 survivors (5120K)
 Metaspace       used 132617K, capacity 137145K, committed 137268K, reserved 1169408K
  class space    used 16618K, capacity 18344K, committed 18404K, reserved 1048576K
}
Event: 2311.792 GC heap after
{Heap after GC invocations=54 (full 0):
 garbage-first heap   total 229376K, used 136833K [0x0000000080000000, 0x0000000100000000)
  region size 1024K, 6 young (6144K), 6 survivors (6144K)
 Metaspace       used 132617K, capacity 137145K, committed 137268K, reserved 1169408K
  class space    used 16618K, capacity 18344K, committed 18404K, reserved 1048576K
}
Event: 2311.826 GC heap before
{Heap before GC invocations=54 (full 0):
 garbage-first heap   total 229376K, used 140929K [0x0000000080000000, 0x0000000100000000)
  region size 1024K, 11 young (11264K), 6 survivors (6144K)
 Metaspace       used 132628K, capacity 137209K, committed 137524K, reserved 1169408K
  class space    used 16618K, capacity 18344K, committed 18404K, reserved 1048576K
}
Event: 2311.840 GC heap after
{Heap after GC invocations=55 (full 0):
 garbage-first heap   total 229376K, used 121513K [0x0000000080000000, 0x0000000100000000)
  region size 1024K, 2 young (2048K), 2 survivors (2048K)
 Metaspace       used 132628K, capacity 137209K, committed 137524K, reserved 1169408K
  class space    used 16618K, capacity 18344K, committed 18404K, reserved 1048576K
}
Event: 2312.011 GC heap before
{Heap before GC invocations=55 (full 0):
 garbage-first heap   total 229376K, used 130729K [0x0000000080000000, 0x0000000100000000)
  region size 1024K, 11 young (11264K), 2 survivors (2048K)
 Metaspace       used 132678K, capacity 137211K, committed 137524K, reserved 1169408K
  class space    used 16618K, capacity 18344K, committed 18404K, reserved 1048576K
}
Event: 2312.023 GC heap after
{Heap after GC invocations=56 (full 0):
 garbage-first heap   total 229376K, used 121327K [0x0000000080000000, 0x0000000100000000)
  region size 1024K, 2 young (2048K), 2 survivors (2048K)
 Metaspace       used 132678K, capacity 137211K, committed 137524K, reserved 1169408K
  class space    used 16618K, capacity 18344K, committed 18404K, reserved 1048576K
}
Event: 2312.071 GC heap before
{Heap before GC invocations=56 (full 0):
 garbage-first heap   total 229376K, used 126447K [0x0000000080000000, 0x0000000100000000)
  region size 1024K, 8 young (8192K), 2 survivors (2048K)
 Metaspace       used 132701K, capacity 137275K, committed 137524K, reserved 1169408K
  class space    used 16619K, capacity 18344K, committed 18404K, reserved 1048576K
}
Event: 2312.076 GC heap after
{Heap after GC invocations=57 (full 0):
 garbage-first heap   total 229376K, used 121118K [0x0000000080000000, 0x0000000100000000)
  region size 1024K, 2 young (2048K), 2 survivors (2048K)
 Metaspace       used 132701K, capacity 137275K, committed 137524K, reserved 1169408K
  class space    used 16619K, capacity 18344K, committed 18404K, reserved 1048576K
}
Event: 2312.395 GC heap before
{Heap before GC invocations=58 (full 0):
 garbage-first heap   total 229376K, used 165150K [0x0000000080000000, 0x0000000100000000)
  region size 1024K, 44 young (45056K), 2 survivors (2048K)
 Metaspace       used 133408K, capacity 138005K, committed 138036K, reserved 1169408K
  class space    used 16661K, capacity 18387K, committed 18404K, reserved 1048576K
}
Event: 2312.405 GC heap after
{Heap after GC invocations=59 (full 0):
 garbage-first heap   total 229376K, used 129743K [0x0000000080000000, 0x0000000100000000)
  region size 1024K, 6 young (6144K), 6 survivors (6144K)
 Metaspace       used 133408K, capacity 138005K, committed 138036K, reserved 1169408K
  class space    used 16661K, capacity 18387K, committed 18404K, reserved 1048576K
}
Event: 2312.424 GC heap before
{Heap before GC invocations=59 (full 0):
 garbage-first heap   total 229376K, used 133839K [0x0000000080000000, 0x0000000100000000)
  region size 1024K, 12 young (12288K), 6 survivors (6144K)
 Metaspace       used 133514K, capacity 138078K, committed 138292K, reserved 1169408K
  class space    used 16664K, capacity 18388K, committed 18404K, reserved 1048576K
}
Event: 2312.440 GC heap after
{Heap after GC invocations=60 (full 0):
 garbage-first heap   total 229376K, used 125436K [0x0000000080000000, 0x0000000100000000)
  region size 1024K, 2 young (2048K), 2 survivors (2048K)
 Metaspace       used 133514K, capacity 138078K, committed 138292K, reserved 1169408K
  class space    used 16664K, capacity 18388K, committed 18404K, reserved 1048576K
}
Event: 2312.894 GC heap before
{Heap before GC invocations=60 (full 0):
 garbage-first heap   total 229376K, used 166396K [0x0000000080000000, 0x0000000100000000)
  region size 1024K, 43 young (44032K), 2 survivors (2048K)
 Metaspace       used 134254K, capacity 138856K, committed 139188K, reserved 1169408K
  class space    used 16697K, capacity 18427K, committed 18532K, reserved 1048576K
}
Event: 2312.900 GC heap after
{Heap after GC invocations=61 (full 0):
 garbage-first heap   total 229376K, used 124842K [0x0000000080000000, 0x0000000100000000)
  region size 1024K, 1 young (1024K), 1 survivors (1024K)
 Metaspace       used 134254K, capacity 138856K, committed 139188K, reserved 1169408K
  class space    used 16697K, capacity 18427K, committed 18532K, reserved 1048576K
}
Event: 2662.135 GC heap before
{Heap before GC invocations=62 (full 0):
 garbage-first heap   total 229376K, used 183210K [0x0000000080000000, 0x0000000100000000)
  region size 1024K, 46 young (47104K), 1 survivors (1024K)
 Metaspace       used 134302K, capacity 138837K, committed 139188K, reserved 1169408K
  class space    used 16689K, capacity 18390K, committed 18532K, reserved 1048576K
}
Event: 2662.140 GC heap after
{Heap after GC invocations=63 (full 0):
 garbage-first heap   total 229376K, used 126238K [0x0000000080000000, 0x0000000100000000)
  region size 1024K, 3 young (3072K), 3 survivors (3072K)
 Metaspace       used 134302K, capacity 138837K, committed 139188K, reserved 1169408K
  class space    used 16689K, capacity 18390K, committed 18532K, reserved 1048576K
}
Event: 2662.255 GC heap before
{Heap before GC invocations=63 (full 0):
 garbage-first heap   total 229376K, used 133406K [0x0000000080000000, 0x0000000100000000)
  region size 1024K, 11 young (11264K), 3 survivors (3072K)
 Metaspace       used 134316K, capacity 138837K, committed 139188K, reserved 1169408K
  class space    used 16689K, capacity 18390K, committed 18532K, reserved 1048576K
}
Event: 2662.270 GC heap after
{Heap after GC invocations=64 (full 0):
 garbage-first heap   total 229376K, used 113735K [0x0000000080000000, 0x0000000100000000)
  region size 1024K, 2 young (2048K), 2 survivors (2048K)
 Metaspace       used 134316K, capacity 138837K, committed 139188K, reserved 1169408K
  class space    used 16689K, capacity 18390K, committed 18532K, reserved 1048576K
}

Deoptimization events (20 events):
Event: 2313.535 Thread 0x000001fdee793800 DEOPT PACKING pc=0x000001fdd1fbc29a sp=0x00000043bc7ff0f0
Event: 2313.535 Thread 0x000001fdee793800 DEOPT UNPACKING pc=0x000001fdcffba95e sp=0x00000043bc7fe590 mode 0
Event: 2313.538 Thread 0x000001fdeba36000 Uncommon trap: trap_request=0xffffff4d fr.pc=0x000001fdd815c99c relative=0x0000000000000edc
Event: 2313.538 Thread 0x000001fdeba36000 Uncommon trap: reason=unstable_if action=reinterpret pc=0x000001fdd815c99c method=java.util.concurrent.locks.AbstractQueuedSynchronizer$ConditionObject.awaitNanos(J)J @ 96 c2
Event: 2313.538 Thread 0x000001fdeba36000 DEOPT PACKING pc=0x000001fdd815c99c sp=0x00000043be7fef90
Event: 2313.538 Thread 0x000001fdeba36000 DEOPT UNPACKING pc=0x000001fdcffba1af sp=0x00000043be7fef30 mode 2
Event: 2661.933 Thread 0x000001fdee790800 DEOPT PACKING pc=0x000001fdd18bae9d sp=0x00000043b42fe7b0
Event: 2661.933 Thread 0x000001fdee790800 DEOPT UNPACKING pc=0x000001fdcffba95e sp=0x00000043b42fdc78 mode 0
Event: 2662.283 Thread 0x000001fdee78e800 Uncommon trap: trap_request=0xffffff7e fr.pc=0x000001fdd8b1f5dc relative=0x000000000000013c
Event: 2662.283 Thread 0x000001fdee78e800 Uncommon trap: reason=predicate action=maybe_recompile pc=0x000001fdd8b1f5dc method=com.google.common.collect.ImmutableList.copyIntoArray([Ljava/lang/Object;I)I @ 11 c2
Event: 2662.283 Thread 0x000001fdee78e800 DEOPT PACKING pc=0x000001fdd8b1f5dc sp=0x00000043b5cf97d0
Event: 2662.283 Thread 0x000001fdee78e800 DEOPT UNPACKING pc=0x000001fdcffba1af sp=0x00000043b5cf9770 mode 2
Event: 2662.311 Thread 0x000001fdee78e800 DEOPT PACKING pc=0x000001fdd34da430 sp=0x00000043b5cf9530
Event: 2662.311 Thread 0x000001fdee78e800 DEOPT UNPACKING pc=0x000001fdcffba95e sp=0x00000043b5cf8a50 mode 0
Event: 2662.312 Thread 0x000001fdee78e800 DEOPT PACKING pc=0x000001fdd34da430 sp=0x00000043b5cf94a0
Event: 2662.312 Thread 0x000001fdee78e800 DEOPT UNPACKING pc=0x000001fdcffba95e sp=0x00000043b5cf89c0 mode 0
Event: 2662.319 Thread 0x000001fdee78e800 DEOPT PACKING pc=0x000001fdd34da430 sp=0x00000043b5cf9480
Event: 2662.319 Thread 0x000001fdee78e800 DEOPT UNPACKING pc=0x000001fdcffba95e sp=0x00000043b5cf89a0 mode 0
Event: 2662.320 Thread 0x000001fdee78e800 DEOPT PACKING pc=0x000001fdd34da430 sp=0x00000043b5cf93f0
Event: 2662.320 Thread 0x000001fdee78e800 DEOPT UNPACKING pc=0x000001fdcffba95e sp=0x00000043b5cf8910 mode 0

Classes redefined (0 events):
No events

Internal exceptions (20 events):
Event: 2312.757 Thread 0x000001fdef1a3800 Exception <a 'sun/nio/fs/WindowsException'{0x000000008bd84018}> (0x000000008bd84018) thrown at [src/hotspot/share/prims/jni.cpp, line 617]
Event: 2312.765 Thread 0x000001fdef1a3800 Exception <a 'sun/nio/fs/WindowsException'{0x000000008bdd0b68}> (0x000000008bdd0b68) thrown at [src/hotspot/share/prims/jni.cpp, line 617]
Event: 2312.768 Thread 0x000001fdef1a3800 Exception <a 'sun/nio/fs/WindowsException'{0x000000008bddb6e8}> (0x000000008bddb6e8) thrown at [src/hotspot/share/prims/jni.cpp, line 617]
Event: 2312.772 Thread 0x000001fdef1a3800 Exception <a 'sun/nio/fs/WindowsException'{0x000000008bcb2ff8}> (0x000000008bcb2ff8) thrown at [src/hotspot/share/prims/jni.cpp, line 617]
Event: 2312.774 Thread 0x000001fdef1a3800 Exception <a 'sun/nio/fs/WindowsException'{0x000000008bcb8828}> (0x000000008bcb8828) thrown at [src/hotspot/share/prims/jni.cpp, line 617]
Event: 2312.777 Thread 0x000001fdef1a3800 Exception <a 'sun/nio/fs/WindowsException'{0x000000008bcdeac8}> (0x000000008bcdeac8) thrown at [src/hotspot/share/prims/jni.cpp, line 617]
Event: 2313.287 Thread 0x000001fdef1a2000 Exception <a 'sun/nio/fs/WindowsException'{0x000000008d8be508}> (0x000000008d8be508) thrown at [src/hotspot/share/prims/jni.cpp, line 617]
Event: 2313.317 Thread 0x000001fdef1a2000 Exception <a 'sun/nio/fs/WindowsException'{0x000000008d6c8e20}> (0x000000008d6c8e20) thrown at [src/hotspot/share/prims/jni.cpp, line 617]
Event: 2313.530 Thread 0x000001fdee793800 Exception <a 'sun/nio/fs/WindowsException'{0x000000008cc2ea48}> (0x000000008cc2ea48) thrown at [src/hotspot/share/prims/jni.cpp, line 617]
Event: 2313.532 Thread 0x000001fdecfd9000 Exception <a 'sun/nio/fs/WindowsException'{0x000000008cc19f10}> (0x000000008cc19f10) thrown at [src/hotspot/share/prims/jni.cpp, line 617]
Event: 2313.532 Thread 0x000001fdecfd9000 Exception <a 'sun/nio/fs/WindowsException'{0x000000008cc19f98}> (0x000000008cc19f98) thrown at [src/hotspot/share/prims/jni.cpp, line 617]
Event: 2313.532 Thread 0x000001fdecfd9000 Exception <a 'sun/nio/fs/WindowsException'{0x000000008cc1b868}> (0x000000008cc1b868) thrown at [src/hotspot/share/prims/jni.cpp, line 617]
Event: 2662.218 Thread 0x000001fdee78e800 Exception <a 'sun/nio/fs/WindowsException'{0x000000008da3be10}> (0x000000008da3be10) thrown at [src/hotspot/share/prims/jni.cpp, line 617]
Event: 2662.284 Thread 0x000001fdee78e800 Exception <a 'java/lang/NoClassDefFoundError'{0x000000008de0be58}: org/jetbrains/kotlin/gradle/plugin/KotlinBasePluginWrapper> (0x000000008de0be58) thrown at [src/hotspot/share/oops/constantPool.cpp, line 775]
Event: 2662.309 Thread 0x000001fdee78e800 Exception <a 'sun/nio/fs/WindowsException'{0x000000008dd51aa8}> (0x000000008dd51aa8) thrown at [src/hotspot/share/prims/jni.cpp, line 617]
Event: 2662.316 Thread 0x000001fdee78e800 Exception <a 'sun/nio/fs/WindowsException'{0x000000008ddf5a10}> (0x000000008ddf5a10) thrown at [src/hotspot/share/prims/jni.cpp, line 617]
Event: 2662.316 Thread 0x000001fdee78e800 Exception <a 'sun/nio/fs/WindowsException'{0x000000008ddf6db8}> (0x000000008ddf6db8) thrown at [src/hotspot/share/prims/jni.cpp, line 617]
Event: 2662.316 Thread 0x000001fdee78e800 Exception <a 'sun/nio/fs/WindowsException'{0x000000008ddf81b0}> (0x000000008ddf81b0) thrown at [src/hotspot/share/prims/jni.cpp, line 617]
Event: 2662.316 Thread 0x000001fdee78e800 Exception <a 'sun/nio/fs/WindowsException'{0x000000008ddf95a8}> (0x000000008ddf95a8) thrown at [src/hotspot/share/prims/jni.cpp, line 617]
Event: 2662.380 Thread 0x000001fdee78e800 Exception <a 'sun/nio/fs/WindowsException'{0x000000008d824ad8}> (0x000000008d824ad8) thrown at [src/hotspot/share/prims/jni.cpp, line 617]

Events (20 events):
Event: 2662.387 Executing VM operation: RevokeBias done
Event: 2662.387 Executing VM operation: BulkRevokeBias
Event: 2662.390 Executing VM operation: BulkRevokeBias done
Event: 2662.391 Thread 0x000001fded1b8800 Thread added: 0x000001fded1b8800
Event: 2662.408 Executing VM operation: RevokeBias
Event: 2662.408 Executing VM operation: RevokeBias done
Event: 2662.409 Executing VM operation: RevokeBias
Event: 2662.410 Executing VM operation: RevokeBias done
Event: 2662.416 Executing VM operation: RevokeBias
Event: 2662.416 Executing VM operation: RevokeBias done
Event: 2662.425 Executing VM operation: RevokeBias
Event: 2662.426 Executing VM operation: RevokeBias done
Event: 2662.426 Executing VM operation: RevokeBias
Event: 2662.426 Executing VM operation: RevokeBias done
Event: 2662.443 Executing VM operation: RevokeBias
Event: 2662.444 Executing VM operation: RevokeBias done
Event: 2662.464 Executing VM operation: RevokeBias
Event: 2662.464 Executing VM operation: RevokeBias done
Event: 2662.464 Executing VM operation: RevokeBias
Event: 2662.464 Executing VM operation: RevokeBias done


Dynamic libraries:
0x00007ff709de0000 - 0x00007ff709dea000 	D:\Android Studio\jbr\bin\java.exe
0x00007ffdf25f0000 - 0x00007ffdf27e5000 	C:\Windows\SYSTEM32\ntdll.dll
0x00007ffdf2150000 - 0x00007ffdf220e000 	C:\Windows\System32\KERNEL32.DLL
0x00007ffdf0370000 - 0x00007ffdf0639000 	C:\Windows\System32\KERNELBASE.dll
0x00007ffdefd10000 - 0x00007ffdefe10000 	C:\Windows\System32\ucrtbase.dll
0x00007ffdc7d30000 - 0x00007ffdc7d47000 	D:\Android Studio\jbr\bin\jli.dll
0x00007ffdf1480000 - 0x00007ffdf1621000 	C:\Windows\System32\USER32.dll
0x00007ffde5830000 - 0x00007ffde5aca000 	C:\Windows\WinSxS\amd64_microsoft.windows.common-controls_6595b64144ccf1df_6.0.19041.1110_none_60b5254171f9507e\COMCTL32.dll
0x00007ffdeffd0000 - 0x00007ffdefff2000 	C:\Windows\System32\win32u.dll
0x00007ffdf0710000 - 0x00007ffdf07ae000 	C:\Windows\System32\msvcrt.dll
0x00007ffdf1450000 - 0x00007ffdf147b000 	C:\Windows\System32\GDI32.dll
0x00007ffdf0260000 - 0x00007ffdf036b000 	C:\Windows\System32\gdi32full.dll
0x00007ffdefea0000 - 0x00007ffdeff3d000 	C:\Windows\System32\msvcp_win.dll
0x00007ffdc7980000 - 0x00007ffdc799b000 	D:\Android Studio\jbr\bin\VCRUNTIME140.dll
0x00007ffdf2270000 - 0x00007ffdf22a0000 	C:\Windows\System32\IMM32.DLL
0x00007ffdd4550000 - 0x00007ffdd455c000 	D:\Android Studio\jbr\bin\vcruntime140_1.dll
0x00007ffdbedf0000 - 0x00007ffdbee7d000 	D:\Android Studio\jbr\bin\msvcp140.dll
0x00007ffdbb260000 - 0x00007ffdbbe1c000 	D:\Android Studio\jbr\bin\server\jvm.dll
0x00007ffdf1ed0000 - 0x00007ffdf1f7c000 	C:\Windows\System32\ADVAPI32.dll
0x00007ffdf20b0000 - 0x00007ffdf214b000 	C:\Windows\System32\sechost.dll
0x00007ffdf1c70000 - 0x00007ffdf1d9a000 	C:\Windows\System32\RPCRT4.dll
0x00007ffdf23b0000 - 0x00007ffdf23b8000 	C:\Windows\System32\PSAPI.DLL
0x00007ffde8a20000 - 0x00007ffde8a2a000 	C:\Windows\SYSTEM32\VERSION.dll
0x00007ffde6680000 - 0x00007ffde66a7000 	C:\Windows\SYSTEM32\WINMM.dll
0x00007ffddf0a0000 - 0x00007ffddf0a9000 	C:\Windows\SYSTEM32\WSOCK32.dll
0x00007ffdf1f90000 - 0x00007ffdf1ffb000 	C:\Windows\System32\WS2_32.dll
0x00007ffdedc10000 - 0x00007ffdedc22000 	C:\Windows\SYSTEM32\kernel.appcore.dll
0x00007ffdde4b0000 - 0x00007ffdde4c0000 	D:\Android Studio\jbr\bin\verify.dll
0x00007ffddc9c0000 - 0x00007ffddcba4000 	C:\Windows\SYSTEM32\DBGHELP.DLL
0x00007ffddc3e0000 - 0x00007ffddc40c000 	C:\Windows\SYSTEM32\dbgcore.DLL
0x00007ffdeff40000 - 0x00007ffdeffc3000 	C:\Windows\System32\bcryptPrimitives.dll
0x00007ffdd8090000 - 0x00007ffdd80b8000 	D:\Android Studio\jbr\bin\java.dll
0x00007ffdde360000 - 0x00007ffdde36a000 	D:\Android Studio\jbr\bin\jimage.dll
0x00007ffdcdb70000 - 0x00007ffdcdb88000 	D:\Android Studio\jbr\bin\zip.dll
0x00007ffdf07b0000 - 0x00007ffdf0eef000 	C:\Windows\System32\SHELL32.dll
0x00007ffdede10000 - 0x00007ffdee5a0000 	C:\Windows\SYSTEM32\windows.storage.dll
0x00007ffdf0ef0000 - 0x00007ffdf1245000 	C:\Windows\System32\combase.dll
0x00007ffdef760000 - 0x00007ffdef78c000 	C:\Windows\SYSTEM32\Wldp.dll
0x00007ffdf2000000 - 0x00007ffdf20ae000 	C:\Windows\System32\SHCORE.dll
0x00007ffdf2550000 - 0x00007ffdf25a5000 	C:\Windows\System32\shlwapi.dll
0x00007ffdefc50000 - 0x00007ffdefc6f000 	C:\Windows\SYSTEM32\profapi.dll
0x00007ffdcd770000 - 0x00007ffdcd789000 	D:\Android Studio\jbr\bin\net.dll
0x00007ffde6b60000 - 0x00007ffde6c68000 	C:\Windows\SYSTEM32\WINHTTP.dll
0x00007ffdef450000 - 0x00007ffdef4ba000 	C:\Windows\system32\mswsock.dll
0x00007ffdcd5d0000 - 0x00007ffdcd5e3000 	D:\Android Studio\jbr\bin\nio.dll
0x00007ffdc9420000 - 0x00007ffdc9447000 	C:\Users\Administrator\.gradle\native\e1d6ef7f7dcc3fd88c89a11ec53ec762bb8ba0a96d01ffa2cd45eb1d1d8dd5c5\windows-amd64\native-platform.dll
0x00007ffdbe910000 - 0x00007ffdbea54000 	C:\Users\Administrator\.gradle\native\0d407fdbe67a94daf76414ababcb853783967236a71b16ec16e742cd7a986fd3\windows-amd64\native-platform-file-events.dll
0x00007ffddd880000 - 0x00007ffddd88a000 	D:\Android Studio\jbr\bin\management.dll
0x00007ffddd5b0000 - 0x00007ffddd5bb000 	D:\Android Studio\jbr\bin\management_ext.dll
0x00007ffdef650000 - 0x00007ffdef668000 	C:\Windows\SYSTEM32\CRYPTSP.dll
0x00007ffdeed70000 - 0x00007ffdeeda4000 	C:\Windows\system32\rsaenh.dll
0x00007ffdefe70000 - 0x00007ffdefe97000 	C:\Windows\System32\bcrypt.dll
0x00007ffdefc10000 - 0x00007ffdefc3e000 	C:\Windows\SYSTEM32\USERENV.dll
0x00007ffdef640000 - 0x00007ffdef64c000 	C:\Windows\SYSTEM32\CRYPTBASE.dll
0x00007ffdef140000 - 0x00007ffdef17b000 	C:\Windows\SYSTEM32\IPHLPAPI.DLL
0x00007ffdf1f80000 - 0x00007ffdf1f88000 	C:\Windows\System32\NSI.dll
0x00007ffde8b20000 - 0x00007ffde8b37000 	C:\Windows\SYSTEM32\dhcpcsvc6.DLL
0x00007ffde8570000 - 0x00007ffde858d000 	C:\Windows\SYSTEM32\dhcpcsvc.DLL
0x00007ffdef180000 - 0x00007ffdef24c000 	C:\Windows\SYSTEM32\DNSAPI.dll
0x00007ffdc8c00000 - 0x00007ffdc8c27000 	D:\Android Studio\jbr\bin\sunec.dll
0x00007ffdeea00000 - 0x00007ffdeea33000 	C:\Windows\SYSTEM32\ntmarta.dll

dbghelp: loaded successfully - version: 4.0.5 - missing functions: none
symbol engine: initialized successfully - sym options: 0x614 - pdb path: .;D:\Android Studio\jbr\bin;C:\Windows\SYSTEM32;C:\Windows\WinSxS\amd64_microsoft.windows.common-controls_6595b64144ccf1df_6.0.19041.1110_none_60b5254171f9507e;D:\Android Studio\jbr\bin\server;C:\Users\Administrator\.gradle\native\e1d6ef7f7dcc3fd88c89a11ec53ec762bb8ba0a96d01ffa2cd45eb1d1d8dd5c5\windows-amd64;C:\Users\Administrator\.gradle\native\0d407fdbe67a94daf76414ababcb853783967236a71b16ec16e742cd7a986fd3\windows-amd64

VM Arguments:
jvm_args: --add-opens=java.base/java.util=ALL-UNNAMED --add-opens=java.base/java.lang=ALL-UNNAMED --add-opens=java.base/java.lang.invoke=ALL-UNNAMED --add-opens=java.base/java.util=ALL-UNNAMED --add-opens=java.prefs/java.util.prefs=ALL-UNNAMED --add-opens=java.prefs/java.util.prefs=ALL-UNNAMED --add-opens=java.base/java.nio.charset=ALL-UNNAMED --add-opens=java.base/java.net=ALL-UNNAMED --add-opens=java.base/java.util.concurrent.atomic=ALL-UNNAMED -Xmx2048m -Dfile.encoding=UTF-8 -Duser.country=US -Duser.language=en -Duser.variant 
java_command: org.gradle.launcher.daemon.bootstrap.GradleDaemon 7.5
java_class_path (initial): C:\Users\Administrator\.gradle\wrapper\dists\gradle-7.5-bin\f1w0cc9nuo0eivz97x2xlu9sv\gradle-7.5\lib\gradle-launcher-7.5.jar
Launcher Type: SUN_STANDARD

[Global flags]
     intx CICompilerCount                          = 4                                         {product} {ergonomic}
     uint ConcGCThreads                            = 2                                         {product} {ergonomic}
     uint G1ConcRefinementThreads                  = 8                                         {product} {ergonomic}
   size_t G1HeapRegionSize                         = 1048576                                   {product} {ergonomic}
    uintx GCDrainStackTargetSize                   = 64                                        {product} {ergonomic}
   size_t InitialHeapSize                          = 234881024                                 {product} {ergonomic}
   size_t MarkStackSize                            = 4194304                                   {product} {ergonomic}
   size_t MaxHeapSize                              = 2147483648                                {product} {command line}
   size_t MaxNewSize                               = 1287651328                                {product} {ergonomic}
   size_t MinHeapDeltaBytes                        = 1048576                                   {product} {ergonomic}
    uintx NonNMethodCodeHeapSize                   = 5836300                                {pd product} {ergonomic}
    uintx NonProfiledCodeHeapSize                  = 122910970                              {pd product} {ergonomic}
    uintx ProfiledCodeHeapSize                     = 122910970                              {pd product} {ergonomic}
    uintx ReservedCodeCacheSize                    = 251658240                              {pd product} {ergonomic}
     bool SegmentedCodeCache                       = true                                      {product} {ergonomic}
     bool UseCompressedClassPointers               = true                                 {lp64_product} {ergonomic}
     bool UseCompressedOops                        = true                                 {lp64_product} {ergonomic}
     bool UseG1GC                                  = true                                      {product} {ergonomic}
     bool UseLargePagesIndividualAllocation        = false                                  {pd product} {ergonomic}

Logging:
Log output configuration:
 #0: stdout all=warning uptime,level,tags
 #1: stderr all=off uptime,level,tags

Environment Variables:
PATH=D:\VMware\bin\;C:\Program Files\Python37\Scripts\;C:\Program Files\Python37\;C:\Windows\System32;C:\Windows;C:\Windows\System32\Wbem;C:\Windows\System32\WindowsPowerShell\v1.0\;C:\Windows\System32\OpenSSH\;C:\Program Files (x86)\NVIDIA Corporation\PhysX\Common;C:\Program Files\Microsoft SQL Server\Client SDK\ODBC\130\Tools\Binn\;C:\Program Files\dotnet\;C:\Program Files\Azure Data Studio\bin;C:\Program Files\Microsoft SQL Server\Client SDK\ODBC\170\Tools\Binn\;C:\Program Files (x86)\Microsoft SQL Server\150\Tools\Binn\;C:\Program Files\Microsoft SQL Server\150\Tools\Binn\;C:\Program Files\Microsoft SQL Server\150\DTS\Binn\;C:\Program Files (x86)\Microsoft SQL Server\150\DTS\Binn\;C:\Program Files\Microsoft SQL Server\130\Tools\Binn\;C:\MinGW\bin;D:\Git\cmd;C:\Program Files\nodejs\;C:\Users\Administrator\AppData\Local\Microsoft\WindowsApps;C:\Program Files\Azure Data Studio\bin;C:\Users\Administrator\.dotnet\tools;C:\Program Files\Azure Data Studio\bin;C:\Users\Administrator\AppData\Local\Programs\Microsoft VS Code\bin;C:\Users\Administrator\AppData\Roaming\npm
USERNAME=Administrator
OS=Windows_NT
PROCESSOR_IDENTIFIER=AMD64 Family 23 Model 24 Stepping 1, AuthenticAMD



---------------  S Y S T E M  ---------------

OS: Windows 10 , 64 bit Build 19041 (10.0.19041.1202)
OS uptime: 1 days 8:14 hours

CPU:total 8 (initial active 8) (8 cores per cpu, 2 threads per core) family 23 model 24 stepping 1 microcode 0x0, cmov, cx8, fxsr, mmx, sse, sse2, sse3, ssse3, sse4.1, sse4.2, popcnt, avx, avx2, aes, clmul, mmxext, 3dnowpref, lzcnt, sse4a, ht, tsc, tscinvbit, tscinv, bmi1, bmi2, adx, sha, fma

Memory: 4k page, system-wide physical 14272M (5003M free)
TotalPageFile size 17728M (AvailPageFile size 5991M)
current process WorkingSet (physical memory assigned to process): 563M, peak: 627M
current process commit charge ("private bytes"): 633M, peak: 661M

vm_info: OpenJDK 64-Bit Server VM (11.0.15+0-b2043.56-9505619) for windows-amd64 JRE (11.0.15+0-b2043.56-9505619), built on Jan 19 2023 02:48:00 by "builduser" with unknown MS VC++:1929

END.
